

Microchip Technology PIC18 LITE Macro Assembler V1.36 build -262312587 
                                                                                               Mon Feb 22 00:42:33 2016

Microchip Technology Omniscient Code Generator v1.36 (Free mode) build 201601150325
     1                           	processor	18F2550
     2                           	fnconf	rparam,??,?,0
     3                           	opt	pw 120
     4                           	opt	lm
     5                           	psect	cinit,global,reloc=2,class=CODE,delta=1
     6                           	psect	cstackCOMRAM,global,class=COMRAM,space=1,delta=1
     7                           	psect	text0,global,reloc=2,class=CODE,delta=1
     8                           	psect	text1,global,reloc=2,class=CODE,delta=1
     9                           	psect	text2,global,reloc=2,class=CODE,delta=1
    10                           	psect	text3,global,reloc=2,class=CODE,delta=1
    11                           	psect	text4,global,reloc=2,class=CODE,delta=1
    12                           	psect	text5,global,reloc=2,class=CODE,delta=1
    13                           	psect	text6,global,reloc=2,class=CODE,delta=1
    14                           	psect	text7,global,reloc=2,class=CODE,delta=1
    15                           	psect	text8,global,reloc=2,class=CODE,delta=1
    16                           	psect	text9,global,reloc=2,class=CODE,delta=1
    17                           	psect	text10,global,reloc=2,class=CODE,delta=1
    18                           	psect	intcode,global,reloc=2,class=CODE,delta=1
    19                           	psect	intcode_body,global,reloc=2,class=CODE,delta=1
    20                           	psect	intsave_regs,global,class=BIGRAM,space=1,delta=1
    21                           	psect	rparam,global,class=COMRAM,space=1,delta=1
    22                           	psect	temp,global,ovrld,common,class=COMRAM,space=1,delta=1
    23  0000                     _LATBbits	set	3978
    24  0000                     _PORTBbits	set	3969
    25  0000                     _TRISAbits	set	3986
    26  0000                     _TRISBbits	set	3987
    27  0000                     _TRISCbits	set	3988
    28  0000                     _ADCON0	set	4034
    29  0000                     _ADCON0bits	set	4034
    30  0000                     _ADCON1bits	set	4033
    31  0000                     _ADCON2	set	4032
    32  0000                     _ADCON2bits	set	4032
    33  0000                     _ADRESH	set	4036
    34  0000                     _ADRESL	set	4035
    35  0000                     _CCP1CONbits	set	4029
    36  0000                     _CCP2CONbits	set	4026
    37  0000                     _CCPR1L	set	4030
    38  0000                     _CCPR2L	set	4027
    39  0000                     _PIR1bits	set	3998
    40  0000                     _PR2	set	4043
    41  0000                     _SSPBUF	set	4041
    42  0000                     _SSPCON1	set	4038
    43  0000                     _SSPCON1bits	set	4038
    44  0000                     _SSPSTAT	set	4039
    45  0000                     _SSPSTATbits	set	4039
    46  0000                     _CCP1M2	set	32234
    47  0000                     _CCP1M3	set	32235
    48  0000                     _CCP2M2	set	32210
    49  0000                     _CCP2M3	set	32211
    50  0000                     _T2CKPS0	set	32336
    51  0000                     _T2CKPS1	set	32337
    52  0000                     _TMR2ON	set	32338
    53                           
    54                           ; #config settings
    55  0000                     
    56                           	psect	cinit
    57  00025C                     __pcinit:
    58                           	opt stack 0
    59  00025C                     start_initialization:
    60                           	opt stack 0
    61  00025C                     __initialization:
    62                           	opt stack 0
    63  00025C                     end_of_initialization:
    64                           	opt stack 0
    65  00025C                     __end_of__initialization:
    66                           	opt stack 0
    67  00025C  9019               	bcf	int$flags,0,c	;clear compiler interrupt flag (level 1)
    68  00025E  9219               	bcf	int$flags,1,c	;clear compiler interrupt flag (level 2)
    69  000260  0E00               	movlw	low (__Lmediumconst shr (0+16))
    70  000262  6EF8               	movwf	tblptru,c
    71  000264  0100               	movlb	0
    72  000266  EF35  F001         	goto	_main	;jump to C main() function
    73                           tblptru	equ	0xFF8
    74                           
    75                           	psect	cstackCOMRAM
    76  000001                     __pcstackCOMRAM:
    77                           	opt stack 0
    78  000001                     ??_SYS_InterruptHigh:
    79                           
    80                           ; 1 bytes @ 0x0
    81  000001                     	ds	14
    82  00000F                     ?_SPI_R_DataRdySPI:
    83                           	opt stack 0
    84  00000F                     LED_Enable@led:
    85                           	opt stack 0
    86  00000F                     SPI_R_OpenSPI@bus_mode:
    87                           	opt stack 0
    88  00000F                     ReadSPI@TempVar:
    89                           	opt stack 0
    90  00000F                     PWM_R_setPWM1@val:
    91                           	opt stack 0
    92  00000F                     PWM_R_setPWM2@val:
    93                           	opt stack 0
    94                           
    95                           ; 2 bytes @ 0xE
    96  00000F                     	ds	1
    97  000010                     SPI_R_OpenSPI@smp_phase:
    98                           	opt stack 0
    99  000010                     SPI_R_getsSPI@rdptr:
   100                           	opt stack 0
   101                           
   102                           ; 2 bytes @ 0xF
   103  000010                     	ds	1
   104  000011                     ??_PWM_R_setPWM1:
   105  000011                     ??_PWM_R_setPWM2:
   106  000011                     ??_SPI_R_DataRdySPI:
   107  000011                     SPI_R_OpenSPI@sync_mode:
   108                           	opt stack 0
   109                           
   110                           ; 1 bytes @ 0x10
   111  000011                     	ds	1
   112  000012                     SPI_R_getsSPI@length:
   113                           	opt stack 0
   114                           
   115                           ; 1 bytes @ 0x11
   116  000012                     	ds	1
   117  000013                     APP_tick@p1:
   118                           	opt stack 0
   119                           
   120                           ; 2 bytes @ 0x12
   121  000013                     	ds	2
   122  000015                     APP_tick@p2:
   123                           	opt stack 0
   124                           
   125                           ; 2 bytes @ 0x14
   126  000015                     	ds	2
   127  000017                     APP_tick@cArr:
   128                           	opt stack 0
   129                           
   130                           ; 2 bytes @ 0x16
   131  000017                     	ds	2
   132  000019                     tblptru	equ	0xFF8
   133                           
   134                           ; 1 bytes @ 0x18
   135 ;;
   136 ;;Main: autosize = 0, tempsize = 0, incstack = 0, save=0
   137 ;;
   138 ;; *************** function _main *****************
   139 ;; Defined at:
   140 ;;		line 5 in file "../src/slave1/main.c"
   141 ;; Parameters:    Size  Location     Type
   142 ;;		None
   143 ;; Auto vars:     Size  Location     Type
   144 ;;		None
   145 ;; Return value:  Size  Location     Type
   146 ;;                  1    wreg      void 
   147 ;; Registers used:
   148 ;;		wreg, fsr2l, fsr2h, status,2, status,0, cstack
   149 ;; Tracked objects:
   150 ;;		On entry : 0/0
   151 ;;		On exit  : 0/0
   152 ;;		Unchanged: 0/0
   153 ;; Data sizes:     COMRAM   BANK0   BANK1   BANK2   BANK3   BANK4   BANK5   BANK6   BANK7
   154 ;;      Params:         0       0       0       0       0       0       0       0       0
   155 ;;      Locals:         0       0       0       0       0       0       0       0       0
   156 ;;      Temps:          0       0       0       0       0       0       0       0       0
   157 ;;      Totals:         0       0       0       0       0       0       0       0       0
   158 ;;Total ram usage:        0 bytes
   159 ;; Hardware stack levels required when called:    4
   160 ;; This function calls:
   161 ;;		_APP_tick
   162 ;;		_SYSTEM_Initialize
   163 ;; This function is called by:
   164 ;;		Startup code after reset
   165 ;; This function uses a non-reentrant model
   166 ;;
   167                           
   168                           	psect	text0
   169  00026A                     __ptext0:
   170                           	opt stack 0
   171  00026A                     _main:
   172                           	opt stack 27
   173                           
   174                           ;main.c: 6: SYSTEM_Initialize();
   175                           
   176                           ;incstack = 0
   177  00026A  ECFC  F000         	call	_SYSTEM_Initialize	;wreg free
   178  00026E                     l1152:
   179                           
   180                           ;main.c: 9: ;
   181                           ;main.c: 11: APP_tick();
   182  00026E  EC6F  F000         	call	_APP_tick	;wreg free
   183  000272  D7FD               	goto	l1152
   184  000274                     __end_of_main:
   185                           	opt stack 0
   186                           tblptru	equ	0xFF8
   187                           
   188 ;; *************** function _SYSTEM_Initialize *****************
   189 ;; Defined at:
   190 ;;		line 58 in file "../src/slave1/system.c"
   191 ;; Parameters:    Size  Location     Type
   192 ;;		None
   193 ;; Auto vars:     Size  Location     Type
   194 ;;		None
   195 ;; Return value:  Size  Location     Type
   196 ;;                  1    wreg      void 
   197 ;; Registers used:
   198 ;;		wreg, status,2, status,0, cstack
   199 ;; Tracked objects:
   200 ;;		On entry : 0/0
   201 ;;		On exit  : 0/0
   202 ;;		Unchanged: 0/0
   203 ;; Data sizes:     COMRAM   BANK0   BANK1   BANK2   BANK3   BANK4   BANK5   BANK6   BANK7
   204 ;;      Params:         0       0       0       0       0       0       0       0       0
   205 ;;      Locals:         0       0       0       0       0       0       0       0       0
   206 ;;      Temps:          0       0       0       0       0       0       0       0       0
   207 ;;      Totals:         0       0       0       0       0       0       0       0       0
   208 ;;Total ram usage:        0 bytes
   209 ;; Hardware stack levels used:    1
   210 ;; Hardware stack levels required when called:    3
   211 ;; This function calls:
   212 ;;		_LED_Enable
   213 ;;		_PWM_R_OpenPWM
   214 ;;		_SPI_R_OpenSPI
   215 ;; This function is called by:
   216 ;;		_main
   217 ;; This function uses a non-reentrant model
   218 ;;
   219                           
   220                           	psect	text1
   221  0001F8                     __ptext1:
   222                           	opt stack 0
   223  0001F8                     _SYSTEM_Initialize:
   224                           	opt stack 27
   225                           
   226                           ;system.c: 59: LED_Enable(LED_D1);
   227                           
   228                           ;incstack = 0
   229  0001F8  0E01               	movlw	1
   230  0001FA  ECCC  F000         	call	_LED_Enable
   231                           
   232                           ;system.c: 60: LED_Enable(LED_D2);
   233  0001FE  0E02               	movlw	2
   234  000200  ECCC  F000         	call	_LED_Enable
   235                           
   236                           ;system.c: 72: SPI_R_OpenSPI(0b00000100, 0b00000010, 0b00000000);
   237  000204  0E02               	movlw	2
   238  000206  6E0F               	movwf	SPI_R_OpenSPI@bus_mode,c
   239  000208  0E00               	movlw	0
   240  00020A  6E10               	movwf	SPI_R_OpenSPI@smp_phase,c
   241  00020C  0E04               	movlw	4
   242  00020E  EC44  F000         	call	_SPI_R_OpenSPI
   243                           
   244                           ;system.c: 78: PWM_R_OpenPWM();
   245  000212  ECE7  F000         	call	_PWM_R_OpenPWM	;wreg free
   246  000216  0012               	return		;funcret
   247  000218                     __end_of_SYSTEM_Initialize:
   248                           	opt stack 0
   249                           tblptru	equ	0xFF8
   250                           
   251 ;; *************** function _SPI_R_OpenSPI *****************
   252 ;; Defined at:
   253 ;;		line 3 in file "../src/slave1/spi_r.c"
   254 ;; Parameters:    Size  Location     Type
   255 ;;  sync_mode       1    wreg     unsigned char 
   256 ;;  bus_mode        1   14[COMRAM] unsigned char 
   257 ;;  smp_phase       1   15[COMRAM] unsigned char 
   258 ;; Auto vars:     Size  Location     Type
   259 ;;  sync_mode       1   16[COMRAM] unsigned char 
   260 ;; Return value:  Size  Location     Type
   261 ;;                  1    wreg      void 
   262 ;; Registers used:
   263 ;;		wreg, status,2, status,0
   264 ;; Tracked objects:
   265 ;;		On entry : 0/0
   266 ;;		On exit  : 0/0
   267 ;;		Unchanged: 0/0
   268 ;; Data sizes:     COMRAM   BANK0   BANK1   BANK2   BANK3   BANK4   BANK5   BANK6   BANK7
   269 ;;      Params:         2       0       0       0       0       0       0       0       0
   270 ;;      Locals:         1       0       0       0       0       0       0       0       0
   271 ;;      Temps:          0       0       0       0       0       0       0       0       0
   272 ;;      Totals:         3       0       0       0       0       0       0       0       0
   273 ;;Total ram usage:        3 bytes
   274 ;; Hardware stack levels used:    1
   275 ;; Hardware stack levels required when called:    1
   276 ;; This function calls:
   277 ;;		Nothing
   278 ;; This function is called by:
   279 ;;		_SYSTEM_Initialize
   280 ;; This function uses a non-reentrant model
   281 ;;
   282                           
   283                           	psect	text2
   284  000088                     __ptext2:
   285                           	opt stack 0
   286  000088                     _SPI_R_OpenSPI:
   287                           	opt stack 28
   288                           
   289                           ;incstack = 0
   290                           ;SPI_R_OpenSPI@sync_mode stored from wreg
   291  000088  6E11               	movwf	SPI_R_OpenSPI@sync_mode,c
   292                           
   293                           ;spi_r.c: 4: SSPSTAT &= 0x3F;
   294  00008A  0E3F               	movlw	63
   295  00008C  16C7               	andwf	4039,f,c	;volatile
   296                           
   297                           ;spi_r.c: 5: SSPCON1 = 0x00;
   298  00008E  0E00               	movlw	0
   299  000090  6EC6               	movwf	4038,c	;volatile
   300                           
   301                           ;spi_r.c: 6: SSPCON1 |= sync_mode;
   302  000092  5011               	movf	SPI_R_OpenSPI@sync_mode,w,c
   303  000094  12C6               	iorwf	4038,f,c	;volatile
   304                           
   305                           ;spi_r.c: 7: SSPSTAT |= smp_phase;
   306  000096  5010               	movf	SPI_R_OpenSPI@smp_phase,w,c
   307  000098  12C7               	iorwf	4039,f,c	;volatile
   308                           
   309                           ;spi_r.c: 9: switch( bus_mode ) {
   310  00009A  D005               	goto	l1090
   311  00009C                     l165:
   312                           
   313                           ;spi_r.c: 11: SSPSTATbits.CKE = 1;
   314  00009C  8CC7               	bsf	4039,6,c	;volatile
   315                           
   316                           ;spi_r.c: 12: break;
   317  00009E  D013               	goto	l1094
   318  0000A0                     l167:
   319                           
   320                           ;spi_r.c: 14: SSPSTATbits.CKE = 1;
   321  0000A0  8CC7               	bsf	4039,6,c	;volatile
   322  0000A2                     l168:
   323                           
   324                           ;spi_r.c: 18: SSPCON1bits.CKP = 1;
   325  0000A2  88C6               	bsf	4038,4,c	;volatile
   326                           
   327                           ;spi_r.c: 22: }
   328                           
   329                           ;spi_r.c: 21: break;
   330                           
   331                           ;spi_r.c: 20: default:
   332                           
   333                           ;spi_r.c: 19: break;
   334  0000A4  D010               	goto	l1094
   335  0000A6                     l1090:
   336  0000A6  500F               	movf	SPI_R_OpenSPI@bus_mode,w,c
   337                           
   338                           ; Switch size 1, requested type "space"
   339                           ; Number of cases is 3, Range of values is 0 to 3
   340                           ; switch strategies available:
   341                           ; Name         Instructions Cycles
   342                           ; simple_byte           10     6 (average)
   343                           ;	Chosen strategy is simple_byte
   344  0000A8  0A00               	xorlw	0	; case 0
   345  0000AA  B4D8               	btfsc	status,2,c
   346  0000AC  D7F7               	goto	l165
   347  0000AE  0A02               	xorlw	2	; case 2
   348  0000B0  B4D8               	btfsc	status,2,c
   349  0000B2  D7F6               	goto	l167
   350  0000B4  0A01               	xorlw	1	; case 3
   351  0000B6  B4D8               	btfsc	status,2,c
   352  0000B8  D7F4               	goto	l168
   353                           
   354                           ;spi_r.c: 24: switch( sync_mode ) {
   355  0000BA  D005               	goto	l1094
   356  0000BC                     l171:
   357                           
   358                           ;spi_r.c: 26: TRISAbits.TRISA5 = 1;
   359  0000BC  8A92               	bsf	3986,5,c	;volatile
   360  0000BE                     l173:
   361                           
   362                           ;spi_r.c: 31: TRISBbits.TRISB1 = 1;
   363  0000BE  8293               	bsf	3987,1,c	;volatile
   364                           
   365                           ;spi_r.c: 32: break;
   366  0000C0  D00A               	goto	l172
   367  0000C2                     l174:
   368                           
   369                           ;spi_r.c: 35: TRISBbits.TRISB1 = 0;
   370  0000C2  9293               	bcf	3987,1,c	;volatile
   371                           
   372                           ;spi_r.c: 37: }
   373                           
   374                           ;spi_r.c: 36: break;
   375  0000C4  D008               	goto	l172
   376  0000C6                     l1094:
   377  0000C6  5011               	movf	SPI_R_OpenSPI@sync_mode,w,c
   378                           
   379                           ; Switch size 1, requested type "space"
   380                           ; Number of cases is 2, Range of values is 4 to 5
   381                           ; switch strategies available:
   382                           ; Name         Instructions Cycles
   383                           ; simple_byte            7     4 (average)
   384                           ;	Chosen strategy is simple_byte
   385  0000C8  0A04               	xorlw	4	; case 4
   386  0000CA  B4D8               	btfsc	status,2,c
   387  0000CC  D7F7               	goto	l171
   388  0000CE  0A01               	xorlw	1	; case 5
   389  0000D0  B4D8               	btfsc	status,2,c
   390  0000D2  D7F5               	goto	l173
   391  0000D4  D7F6               	goto	l174
   392  0000D6                     l172:
   393                           
   394                           ;spi_r.c: 38: TRISBbits.TRISB0 = 1;
   395  0000D6  8093               	bsf	3987,0,c	;volatile
   396                           
   397                           ;spi_r.c: 39: TRISCbits.TRISC7 = 0;
   398  0000D8  9E94               	bcf	3988,7,c	;volatile
   399                           
   400                           ;spi_r.c: 41: SSPCON1 |= 0b00100000;
   401  0000DA  8AC6               	bsf	4038,5,c	;volatile
   402  0000DC  0012               	return		;funcret
   403  0000DE                     __end_of_SPI_R_OpenSPI:
   404                           	opt stack 0
   405                           tblptru	equ	0xFF8
   406                           status	equ	0xFD8
   407                           
   408 ;; *************** function _PWM_R_OpenPWM *****************
   409 ;; Defined at:
   410 ;;		line 17 in file "../src/slave1/pwm_r.c"
   411 ;; Parameters:    Size  Location     Type
   412 ;;		None
   413 ;; Auto vars:     Size  Location     Type
   414 ;;		None
   415 ;; Return value:  Size  Location     Type
   416 ;;                  1    wreg      void 
   417 ;; Registers used:
   418 ;;		wreg, status,2, status,0, cstack
   419 ;; Tracked objects:
   420 ;;		On entry : 0/0
   421 ;;		On exit  : 0/0
   422 ;;		Unchanged: 0/0
   423 ;; Data sizes:     COMRAM   BANK0   BANK1   BANK2   BANK3   BANK4   BANK5   BANK6   BANK7
   424 ;;      Params:         0       0       0       0       0       0       0       0       0
   425 ;;      Locals:         0       0       0       0       0       0       0       0       0
   426 ;;      Temps:          0       0       0       0       0       0       0       0       0
   427 ;;      Totals:         0       0       0       0       0       0       0       0       0
   428 ;;Total ram usage:        0 bytes
   429 ;; Hardware stack levels used:    1
   430 ;; Hardware stack levels required when called:    2
   431 ;; This function calls:
   432 ;;		_PWM_R_setPWM1
   433 ;;		_PWM_R_setPWM2
   434 ;; This function is called by:
   435 ;;		_SYSTEM_Initialize
   436 ;; This function uses a non-reentrant model
   437 ;;
   438                           
   439                           	psect	text3
   440  0001CE                     __ptext3:
   441                           	opt stack 0
   442  0001CE                     _PWM_R_OpenPWM:
   443                           	opt stack 27
   444                           
   445                           ;pwm_r.c: 19: PR2 = 0xFF;
   446                           
   447                           ;incstack = 0
   448  0001CE  68CB               	setf	4043,c	;volatile
   449                           
   450                           ;pwm_r.c: 21: PWM_R_setPWM1(0xFF);
   451  0001D0  0E00               	movlw	0
   452  0001D2  6E10               	movwf	PWM_R_setPWM1@val+1,c
   453  0001D4  680F               	setf	PWM_R_setPWM1@val,c
   454  0001D6  ECAE  F000         	call	_PWM_R_setPWM1	;wreg free
   455                           
   456                           ;pwm_r.c: 22: PWM_R_setPWM2(0xFF);
   457  0001DA  0E00               	movlw	0
   458  0001DC  6E10               	movwf	PWM_R_setPWM2@val+1,c
   459  0001DE  680F               	setf	PWM_R_setPWM2@val,c
   460  0001E0  EC90  F000         	call	_PWM_R_setPWM2	;wreg free
   461                           
   462                           ;pwm_r.c: 25: TRISCbits.RC1 = 0;
   463  0001E4  9294               	bcf	3988,1,c	;volatile
   464                           
   465                           ;pwm_r.c: 26: TRISCbits.RC2 = 0;
   466  0001E6  9494               	bcf	3988,2,c	;volatile
   467                           
   468                           ;pwm_r.c: 36: T2CKPS0 = 1;
   469  0001E8  80CA               	bsf	4042,0,c	;volatile
   470                           
   471                           ;pwm_r.c: 37: T2CKPS1 = 1;
   472  0001EA  82CA               	bsf	4042,1,c	;volatile
   473                           
   474                           ;pwm_r.c: 39: TMR2ON = 1;
   475  0001EC  84CA               	bsf	4042,2,c	;volatile
   476                           
   477                           ;pwm_r.c: 42: CCP1M3 = 1;
   478  0001EE  86BD               	bsf	4029,3,c	;volatile
   479                           
   480                           ;pwm_r.c: 43: CCP1M2 = 1;
   481  0001F0  84BD               	bsf	4029,2,c	;volatile
   482                           
   483                           ;pwm_r.c: 45: CCP2M3 = 1;
   484  0001F2  86BA               	bsf	4026,3,c	;volatile
   485                           
   486                           ;pwm_r.c: 46: CCP2M2 = 1;
   487  0001F4  84BA               	bsf	4026,2,c	;volatile
   488  0001F6  0012               	return		;funcret
   489  0001F8                     __end_of_PWM_R_OpenPWM:
   490                           	opt stack 0
   491                           tblptru	equ	0xFF8
   492                           status	equ	0xFD8
   493                           
   494 ;; *************** function _LED_Enable *****************
   495 ;; Defined at:
   496 ;;		line 257 in file "../src/slave1/leds.c"
   497 ;; Parameters:    Size  Location     Type
   498 ;;  led             1    wreg     enum E2
   499 ;; Auto vars:     Size  Location     Type
   500 ;;  led             1   14[COMRAM] enum E2
   501 ;; Return value:  Size  Location     Type
   502 ;;                  1    wreg      void 
   503 ;; Registers used:
   504 ;;		wreg, status,2, status,0
   505 ;; Tracked objects:
   506 ;;		On entry : 0/0
   507 ;;		On exit  : 0/0
   508 ;;		Unchanged: 0/0
   509 ;; Data sizes:     COMRAM   BANK0   BANK1   BANK2   BANK3   BANK4   BANK5   BANK6   BANK7
   510 ;;      Params:         0       0       0       0       0       0       0       0       0
   511 ;;      Locals:         1       0       0       0       0       0       0       0       0
   512 ;;      Temps:          0       0       0       0       0       0       0       0       0
   513 ;;      Totals:         1       0       0       0       0       0       0       0       0
   514 ;;Total ram usage:        1 bytes
   515 ;; Hardware stack levels used:    1
   516 ;; Hardware stack levels required when called:    1
   517 ;; This function calls:
   518 ;;		Nothing
   519 ;; This function is called by:
   520 ;;		_SYSTEM_Initialize
   521 ;; This function uses a non-reentrant model
   522 ;;
   523                           
   524                           	psect	text4
   525  000198                     __ptext4:
   526                           	opt stack 0
   527  000198                     _LED_Enable:
   528                           	opt stack 28
   529                           
   530                           ;incstack = 0
   531                           ;LED_Enable@led stored from wreg
   532  000198  6E0F               	movwf	LED_Enable@led,c
   533                           
   534                           ;leds.c: 259: switch(led)
   535  00019A  D008               	goto	l894
   536  00019C                     l125:
   537                           
   538                           ;leds.c: 262: TRISBbits.TRISB0 = 0;
   539  00019C  9093               	bcf	3987,0,c	;volatile
   540                           
   541                           ;leds.c: 263: break;
   542  00019E  0012               	return	
   543  0001A0                     l127:
   544                           
   545                           ;leds.c: 266: TRISBbits.TRISB2 = 0;
   546  0001A0  9493               	bcf	3987,2,c	;volatile
   547                           
   548                           ;leds.c: 267: break;
   549  0001A2  0012               	return	
   550  0001A4                     l128:
   551                           
   552                           ;leds.c: 270: TRISBbits.TRISB2 = 0;
   553  0001A4  9493               	bcf	3987,2,c	;volatile
   554                           
   555                           ;leds.c: 271: break;
   556  0001A6  0012               	return	
   557  0001A8                     l129:
   558                           
   559                           ;leds.c: 274: TRISBbits.TRISB3 = 0;
   560  0001A8  9693               	bcf	3987,3,c	;volatile
   561                           
   562                           ;leds.c: 279: }
   563                           
   564                           ;leds.c: 278: break;
   565                           
   566                           ;leds.c: 277: case LED_NONE:
   567                           
   568                           ;leds.c: 275: break;
   569  0001AA  0012               	return	
   570  0001AC                     l894:
   571  0001AC  500F               	movf	LED_Enable@led,w,c
   572                           
   573                           ; Switch size 1, requested type "space"
   574                           ; Number of cases is 5, Range of values is 0 to 4
   575                           ; switch strategies available:
   576                           ; Name         Instructions Cycles
   577                           ; simple_byte           16     9 (average)
   578                           ;	Chosen strategy is simple_byte
   579  0001AE  0A00               	xorlw	0	; case 0
   580  0001B0  B4D8               	btfsc	status,2,c
   581  0001B2  0012               	return	
   582  0001B4  0A01               	xorlw	1	; case 1
   583  0001B6  B4D8               	btfsc	status,2,c
   584  0001B8  D7F1               	goto	l125
   585  0001BA  0A03               	xorlw	3	; case 2
   586  0001BC  B4D8               	btfsc	status,2,c
   587  0001BE  D7F0               	goto	l127
   588  0001C0  0A01               	xorlw	1	; case 3
   589  0001C2  B4D8               	btfsc	status,2,c
   590  0001C4  D7EF               	goto	l128
   591  0001C6  0A07               	xorlw	7	; case 4
   592  0001C8  A4D8               	btfss	status,2,c
   593  0001CA  0012               	return	
   594  0001CC  D7ED               	goto	l129
   595  0001CE                     __end_of_LED_Enable:
   596                           	opt stack 0
   597                           tblptru	equ	0xFF8
   598                           status	equ	0xFD8
   599                           
   600 ;; *************** function _APP_tick *****************
   601 ;; Defined at:
   602 ;;		line 12 in file "../src/slave1/app_slave1.c"
   603 ;; Parameters:    Size  Location     Type
   604 ;;		None
   605 ;; Auto vars:     Size  Location     Type
   606 ;;  cArr            2   22[COMRAM] unsigned char [2]
   607 ;;  p2              2   20[COMRAM] unsigned int 
   608 ;;  p1              2   18[COMRAM] unsigned int 
   609 ;; Return value:  Size  Location     Type
   610 ;;                  1    wreg      void 
   611 ;; Registers used:
   612 ;;		wreg, fsr2l, fsr2h, status,2, status,0, cstack
   613 ;; Tracked objects:
   614 ;;		On entry : 0/0
   615 ;;		On exit  : 0/0
   616 ;;		Unchanged: 0/0
   617 ;; Data sizes:     COMRAM   BANK0   BANK1   BANK2   BANK3   BANK4   BANK5   BANK6   BANK7
   618 ;;      Params:         0       0       0       0       0       0       0       0       0
   619 ;;      Locals:         6       0       0       0       0       0       0       0       0
   620 ;;      Temps:          0       0       0       0       0       0       0       0       0
   621 ;;      Totals:         6       0       0       0       0       0       0       0       0
   622 ;;Total ram usage:        6 bytes
   623 ;; Hardware stack levels used:    1
   624 ;; Hardware stack levels required when called:    3
   625 ;; This function calls:
   626 ;;		_PWM_R_setPWM1
   627 ;;		_PWM_R_setPWM2
   628 ;;		_SPI_R_DataRdySPI
   629 ;;		_SPI_R_getsSPI
   630 ;; This function is called by:
   631 ;;		_main
   632 ;; This function uses a non-reentrant model
   633 ;;
   634                           
   635                           	psect	text5
   636  0000DE                     __ptext5:
   637                           	opt stack 0
   638  0000DE                     _APP_tick:
   639                           	opt stack 27
   640  0000DE                     l1138:
   641  0000DE  EC1B  F001         	call	_SPI_R_DataRdySPI	;wreg free
   642  0000E2  500F               	movf	?_SPI_R_DataRdySPI,w,c
   643  0000E4  1010               	iorwf	?_SPI_R_DataRdySPI+1,w,c
   644  0000E6  B4D8               	btfsc	status,2,c
   645  0000E8  D7FA               	goto	l1138
   646                           
   647                           ;app_slave1.c: 16: unsigned char cArr[2];
   648                           ;app_slave1.c: 17: SPI_R_getsSPI(&cArr, 2);
   649  0000EA  0E17               	movlw	low APP_tick@cArr
   650  0000EC  6E10               	movwf	SPI_R_getsSPI@rdptr,c
   651  0000EE  0E00               	movlw	high APP_tick@cArr
   652  0000F0  6E11               	movwf	SPI_R_getsSPI@rdptr+1,c
   653  0000F2  0E02               	movlw	2
   654  0000F4  6E12               	movwf	SPI_R_getsSPI@length,c
   655  0000F6  EC0C  F001         	call	_SPI_R_getsSPI	;wreg free
   656                           
   657                           ;app_slave1.c: 19: unsigned int p1 = cArr[0];
   658  0000FA  C017  F013         	movff	APP_tick@cArr,APP_tick@p1
   659  0000FE  6A14               	clrf	APP_tick@p1+1,c
   660                           
   661                           ;app_slave1.c: 20: unsigned int p2 = cArr[1];
   662  000100  C018  F015         	movff	APP_tick@cArr+1,APP_tick@p2
   663  000104  6A16               	clrf	APP_tick@p2+1,c
   664                           
   665                           ;app_slave1.c: 22: PWM_R_setPWM1(p1);
   666  000106  C013  F00F         	movff	APP_tick@p1,PWM_R_setPWM1@val
   667  00010A  C014  F010         	movff	APP_tick@p1+1,PWM_R_setPWM1@val+1
   668  00010E  ECAE  F000         	call	_PWM_R_setPWM1	;wreg free
   669                           
   670                           ;app_slave1.c: 23: PWM_R_setPWM2(p2);
   671  000112  C015  F00F         	movff	APP_tick@p2,PWM_R_setPWM2@val
   672  000116  C016  F010         	movff	APP_tick@p2+1,PWM_R_setPWM2@val+1
   673  00011A  EC90  F000         	call	_PWM_R_setPWM2	;wreg free
   674  00011E  0012               	return		;funcret
   675  000120                     __end_of_APP_tick:
   676                           	opt stack 0
   677                           tblptru	equ	0xFF8
   678                           status	equ	0xFD8
   679                           
   680 ;; *************** function _SPI_R_getsSPI *****************
   681 ;; Defined at:
   682 ;;		line 55 in file "../src/slave1/spi_r.c"
   683 ;; Parameters:    Size  Location     Type
   684 ;;  rdptr           2   15[COMRAM] PTR unsigned char 
   685 ;;		 -> APP_tick@cArr(2), 
   686 ;;  length          1   17[COMRAM] unsigned char 
   687 ;; Auto vars:     Size  Location     Type
   688 ;;		None
   689 ;; Return value:  Size  Location     Type
   690 ;;                  1    wreg      void 
   691 ;; Registers used:
   692 ;;		wreg, fsr2l, fsr2h, status,2, status,0, cstack
   693 ;; Tracked objects:
   694 ;;		On entry : 0/0
   695 ;;		On exit  : 0/0
   696 ;;		Unchanged: 0/0
   697 ;; Data sizes:     COMRAM   BANK0   BANK1   BANK2   BANK3   BANK4   BANK5   BANK6   BANK7
   698 ;;      Params:         3       0       0       0       0       0       0       0       0
   699 ;;      Locals:         0       0       0       0       0       0       0       0       0
   700 ;;      Temps:          0       0       0       0       0       0       0       0       0
   701 ;;      Totals:         3       0       0       0       0       0       0       0       0
   702 ;;Total ram usage:        3 bytes
   703 ;; Hardware stack levels used:    1
   704 ;; Hardware stack levels required when called:    2
   705 ;; This function calls:
   706 ;;		_ReadSPI
   707 ;; This function is called by:
   708 ;;		_APP_tick
   709 ;; This function uses a non-reentrant model
   710 ;;
   711                           
   712                           	psect	text6
   713  000218                     __ptext6:
   714                           	opt stack 0
   715  000218                     _SPI_R_getsSPI:
   716                           	opt stack 27
   717                           
   718                           ;spi_r.c: 56: while( length ) {
   719                           
   720                           ;incstack = 0
   721  000218  D00A               	goto	l1132
   722  00021A                     l1126:
   723                           
   724                           ;spi_r.c: 57: *rdptr++ = ReadSPI();
   725  00021A  EC25  F001         	call	_ReadSPI	;wreg free
   726  00021E  C010  FFD9         	movff	SPI_R_getsSPI@rdptr,fsr2l
   727  000222  C011  FFDA         	movff	SPI_R_getsSPI@rdptr+1,fsr2h
   728  000226  6EDF               	movwf	indf2,c
   729  000228  4A10               	infsnz	SPI_R_getsSPI@rdptr,f,c
   730  00022A  2A11               	incf	SPI_R_getsSPI@rdptr+1,f,c
   731                           
   732                           ;spi_r.c: 58: length--;
   733  00022C  0612               	decf	SPI_R_getsSPI@length,f,c
   734  00022E                     l1132:
   735  00022E  5012               	movf	SPI_R_getsSPI@length,w,c
   736  000230  B4D8               	btfsc	status,2,c
   737  000232  0012               	return	
   738  000234  D7F2               	goto	l1126
   739  000236                     __end_of_SPI_R_getsSPI:
   740                           	opt stack 0
   741                           tblptru	equ	0xFF8
   742                           indf2	equ	0xFDF
   743                           fsr2h	equ	0xFDA
   744                           fsr2l	equ	0xFD9
   745                           status	equ	0xFD8
   746                           
   747 ;; *************** function _ReadSPI *****************
   748 ;; Defined at:
   749 ;;		line 12 in file "C:\Program Files (x86)\Microchip\xc8\v1.36\sources\pic18\plib\SPI\spi_read.c"
   750 ;; Parameters:    Size  Location     Type
   751 ;;		None
   752 ;; Auto vars:     Size  Location     Type
   753 ;;  TempVar         1   14[COMRAM] unsigned char 
   754 ;; Return value:  Size  Location     Type
   755 ;;                  1    wreg      unsigned char 
   756 ;; Registers used:
   757 ;;		wreg, status,2
   758 ;; Tracked objects:
   759 ;;		On entry : 0/0
   760 ;;		On exit  : 0/0
   761 ;;		Unchanged: 0/0
   762 ;; Data sizes:     COMRAM   BANK0   BANK1   BANK2   BANK3   BANK4   BANK5   BANK6   BANK7
   763 ;;      Params:         0       0       0       0       0       0       0       0       0
   764 ;;      Locals:         1       0       0       0       0       0       0       0       0
   765 ;;      Temps:          0       0       0       0       0       0       0       0       0
   766 ;;      Totals:         1       0       0       0       0       0       0       0       0
   767 ;;Total ram usage:        1 bytes
   768 ;; Hardware stack levels used:    1
   769 ;; Hardware stack levels required when called:    1
   770 ;; This function calls:
   771 ;;		Nothing
   772 ;; This function is called by:
   773 ;;		_SPI_R_getsSPI
   774 ;; This function uses a non-reentrant model
   775 ;;
   776                           
   777                           	psect	text7
   778  00024A                     __ptext7:
   779                           	opt stack 0
   780  00024A                     _ReadSPI:
   781                           	opt stack 27
   782                           
   783                           ;incstack = 0
   784  00024A  CFC9 F00F          	movff	4041,ReadSPI@TempVar	;volatile
   785  00024E  969E               	bcf	3998,3,c	;volatile
   786  000250  0E00               	movlw	0
   787  000252  6EC9               	movwf	4041,c	;volatile
   788  000254                     l249:
   789  000254  A69E               	btfss	3998,3,c	;volatile
   790  000256  D7FE               	goto	l249
   791  000258  50C9               	movf	4041,w,c	;volatile
   792  00025A  0012               	return	
   793  00025C                     __end_of_ReadSPI:
   794                           	opt stack 0
   795                           tblptru	equ	0xFF8
   796                           indf2	equ	0xFDF
   797                           fsr2h	equ	0xFDA
   798                           fsr2l	equ	0xFD9
   799                           status	equ	0xFD8
   800                           
   801 ;; *************** function _SPI_R_DataRdySPI *****************
   802 ;; Defined at:
   803 ;;		line 51 in file "../src/slave1/spi_r.c"
   804 ;; Parameters:    Size  Location     Type
   805 ;;		None
   806 ;; Auto vars:     Size  Location     Type
   807 ;;		None
   808 ;; Return value:  Size  Location     Type
   809 ;;                  2   14[COMRAM] int 
   810 ;; Registers used:
   811 ;;		wreg, status,2
   812 ;; Tracked objects:
   813 ;;		On entry : 0/0
   814 ;;		On exit  : 0/0
   815 ;;		Unchanged: 0/0
   816 ;; Data sizes:     COMRAM   BANK0   BANK1   BANK2   BANK3   BANK4   BANK5   BANK6   BANK7
   817 ;;      Params:         2       0       0       0       0       0       0       0       0
   818 ;;      Locals:         0       0       0       0       0       0       0       0       0
   819 ;;      Temps:          1       0       0       0       0       0       0       0       0
   820 ;;      Totals:         3       0       0       0       0       0       0       0       0
   821 ;;Total ram usage:        3 bytes
   822 ;; Hardware stack levels used:    1
   823 ;; Hardware stack levels required when called:    1
   824 ;; This function calls:
   825 ;;		Nothing
   826 ;; This function is called by:
   827 ;;		_APP_tick
   828 ;; This function uses a non-reentrant model
   829 ;;
   830                           
   831                           	psect	text8
   832  000236                     __ptext8:
   833                           	opt stack 0
   834  000236                     _SPI_R_DataRdySPI:
   835                           	opt stack 28
   836                           
   837                           ;spi_r.c: 52: return (SSPSTATbits.BF);
   838                           
   839                           ;incstack = 0
   840  000236  A0C7               	btfss	4039,0,c	;volatile
   841  000238  D003               	goto	u100
   842  00023A  6A11               	clrf	??_SPI_R_DataRdySPI& (0+255),c
   843  00023C  2A11               	incf	??_SPI_R_DataRdySPI& (0+255),f,c
   844  00023E  D001               	goto	u108
   845  000240                     u100:
   846  000240  6A11               	clrf	??_SPI_R_DataRdySPI& (0+255),c
   847  000242                     u108:
   848  000242  5011               	movf	??_SPI_R_DataRdySPI,w,c
   849  000244  6E0F               	movwf	?_SPI_R_DataRdySPI,c
   850  000246  6A10               	clrf	?_SPI_R_DataRdySPI+1,c
   851  000248  0012               	return	
   852  00024A                     __end_of_SPI_R_DataRdySPI:
   853                           	opt stack 0
   854                           tblptru	equ	0xFF8
   855                           indf2	equ	0xFDF
   856                           fsr2h	equ	0xFDA
   857                           fsr2l	equ	0xFD9
   858                           status	equ	0xFD8
   859                           
   860 ;; *************** function _PWM_R_setPWM2 *****************
   861 ;; Defined at:
   862 ;;		line 11 in file "../src/slave1/pwm_r.c"
   863 ;; Parameters:    Size  Location     Type
   864 ;;  val             2   14[COMRAM] unsigned int 
   865 ;; Auto vars:     Size  Location     Type
   866 ;;		None
   867 ;; Return value:  Size  Location     Type
   868 ;;                  1    wreg      void 
   869 ;; Registers used:
   870 ;;		wreg, status,2, status,0
   871 ;; Tracked objects:
   872 ;;		On entry : 0/0
   873 ;;		On exit  : 0/0
   874 ;;		Unchanged: 0/0
   875 ;; Data sizes:     COMRAM   BANK0   BANK1   BANK2   BANK3   BANK4   BANK5   BANK6   BANK7
   876 ;;      Params:         2       0       0       0       0       0       0       0       0
   877 ;;      Locals:         0       0       0       0       0       0       0       0       0
   878 ;;      Temps:          1       0       0       0       0       0       0       0       0
   879 ;;      Totals:         3       0       0       0       0       0       0       0       0
   880 ;;Total ram usage:        3 bytes
   881 ;; Hardware stack levels used:    1
   882 ;; Hardware stack levels required when called:    1
   883 ;; This function calls:
   884 ;;		Nothing
   885 ;; This function is called by:
   886 ;;		_APP_tick
   887 ;;		_PWM_R_OpenPWM
   888 ;; This function uses a non-reentrant model
   889 ;;
   890                           
   891                           	psect	text9
   892  000120                     __ptext9:
   893                           	opt stack 0
   894  000120                     _PWM_R_setPWM2:
   895                           	opt stack 27
   896                           
   897                           ;pwm_r.c: 12: CCP2CONbits.DC2B0 = (val & 0x01); val >>= 1;
   898                           
   899                           ;incstack = 0
   900  000120  C00F  F011         	movff	PWM_R_setPWM2@val,??_PWM_R_setPWM2
   901  000124  0E01               	movlw	1
   902  000126  1611               	andwf	??_PWM_R_setPWM2,f,c
   903  000128  3A11               	swapf	??_PWM_R_setPWM2,f,c
   904  00012A  50BA               	movf	4026,w,c	;volatile
   905  00012C  1811               	xorwf	??_PWM_R_setPWM2,w,c
   906  00012E  0BEF               	andlw	-17
   907  000130  1811               	xorwf	??_PWM_R_setPWM2,w,c
   908  000132  6EBA               	movwf	4026,c	;volatile
   909  000134  90D8               	bcf	status,0,c
   910  000136  3210               	rrcf	PWM_R_setPWM2@val+1,f,c
   911  000138  320F               	rrcf	PWM_R_setPWM2@val,f,c
   912                           
   913                           ;pwm_r.c: 13: CCP2CONbits.DC2B1 = (val & 0x01); val >>= 1;
   914  00013A  C00F  F011         	movff	PWM_R_setPWM2@val,??_PWM_R_setPWM2
   915  00013E  0E01               	movlw	1
   916  000140  1611               	andwf	??_PWM_R_setPWM2,f,c
   917  000142  3A11               	swapf	??_PWM_R_setPWM2,f,c
   918  000144  4611               	rlncf	??_PWM_R_setPWM2,f,c
   919  000146  50BA               	movf	4026,w,c	;volatile
   920  000148  1811               	xorwf	??_PWM_R_setPWM2,w,c
   921  00014A  0BDF               	andlw	-33
   922  00014C  1811               	xorwf	??_PWM_R_setPWM2,w,c
   923  00014E  6EBA               	movwf	4026,c	;volatile
   924  000150  90D8               	bcf	status,0,c
   925  000152  3210               	rrcf	PWM_R_setPWM2@val+1,f,c
   926  000154  320F               	rrcf	PWM_R_setPWM2@val,f,c
   927                           
   928                           ;pwm_r.c: 14: CCPR2L = val;
   929  000156  C00F  FFBB         	movff	PWM_R_setPWM2@val,4027	;volatile
   930  00015A  0012               	return		;funcret
   931  00015C                     __end_of_PWM_R_setPWM2:
   932                           	opt stack 0
   933                           tblptru	equ	0xFF8
   934                           indf2	equ	0xFDF
   935                           fsr2h	equ	0xFDA
   936                           fsr2l	equ	0xFD9
   937                           status	equ	0xFD8
   938                           
   939 ;; *************** function _PWM_R_setPWM1 *****************
   940 ;; Defined at:
   941 ;;		line 5 in file "../src/slave1/pwm_r.c"
   942 ;; Parameters:    Size  Location     Type
   943 ;;  val             2   14[COMRAM] unsigned int 
   944 ;; Auto vars:     Size  Location     Type
   945 ;;		None
   946 ;; Return value:  Size  Location     Type
   947 ;;                  1    wreg      void 
   948 ;; Registers used:
   949 ;;		wreg, status,2, status,0
   950 ;; Tracked objects:
   951 ;;		On entry : 0/0
   952 ;;		On exit  : 0/0
   953 ;;		Unchanged: 0/0
   954 ;; Data sizes:     COMRAM   BANK0   BANK1   BANK2   BANK3   BANK4   BANK5   BANK6   BANK7
   955 ;;      Params:         2       0       0       0       0       0       0       0       0
   956 ;;      Locals:         0       0       0       0       0       0       0       0       0
   957 ;;      Temps:          1       0       0       0       0       0       0       0       0
   958 ;;      Totals:         3       0       0       0       0       0       0       0       0
   959 ;;Total ram usage:        3 bytes
   960 ;; Hardware stack levels used:    1
   961 ;; Hardware stack levels required when called:    1
   962 ;; This function calls:
   963 ;;		Nothing
   964 ;; This function is called by:
   965 ;;		_APP_tick
   966 ;;		_PWM_R_OpenPWM
   967 ;; This function uses a non-reentrant model
   968 ;;
   969                           
   970                           	psect	text10
   971  00015C                     __ptext10:
   972                           	opt stack 0
   973  00015C                     _PWM_R_setPWM1:
   974                           	opt stack 27
   975                           
   976                           ;pwm_r.c: 6: CCP1CONbits.DC1B0 = (val & 0x01); val >>= 1;
   977                           
   978                           ;incstack = 0
   979  00015C  C00F  F011         	movff	PWM_R_setPWM1@val,??_PWM_R_setPWM1
   980  000160  0E01               	movlw	1
   981  000162  1611               	andwf	??_PWM_R_setPWM1,f,c
   982  000164  3A11               	swapf	??_PWM_R_setPWM1,f,c
   983  000166  50BD               	movf	4029,w,c	;volatile
   984  000168  1811               	xorwf	??_PWM_R_setPWM1,w,c
   985  00016A  0BEF               	andlw	-17
   986  00016C  1811               	xorwf	??_PWM_R_setPWM1,w,c
   987  00016E  6EBD               	movwf	4029,c	;volatile
   988  000170  90D8               	bcf	status,0,c
   989  000172  3210               	rrcf	PWM_R_setPWM1@val+1,f,c
   990  000174  320F               	rrcf	PWM_R_setPWM1@val,f,c
   991                           
   992                           ;pwm_r.c: 7: CCP1CONbits.DC1B1 = (val & 0x01); val >>= 1;
   993  000176  C00F  F011         	movff	PWM_R_setPWM1@val,??_PWM_R_setPWM1
   994  00017A  0E01               	movlw	1
   995  00017C  1611               	andwf	??_PWM_R_setPWM1,f,c
   996  00017E  3A11               	swapf	??_PWM_R_setPWM1,f,c
   997  000180  4611               	rlncf	??_PWM_R_setPWM1,f,c
   998  000182  50BD               	movf	4029,w,c	;volatile
   999  000184  1811               	xorwf	??_PWM_R_setPWM1,w,c
  1000  000186  0BDF               	andlw	-33
  1001  000188  1811               	xorwf	??_PWM_R_setPWM1,w,c
  1002  00018A  6EBD               	movwf	4029,c	;volatile
  1003  00018C  90D8               	bcf	status,0,c
  1004  00018E  3210               	rrcf	PWM_R_setPWM1@val+1,f,c
  1005  000190  320F               	rrcf	PWM_R_setPWM1@val,f,c
  1006                           
  1007                           ;pwm_r.c: 8: CCPR1L = val;
  1008  000192  C00F  FFBE         	movff	PWM_R_setPWM1@val,4030	;volatile
  1009  000196  0012               	return		;funcret
  1010  000198                     __end_of_PWM_R_setPWM1:
  1011                           	opt stack 0
  1012                           tblptru	equ	0xFF8
  1013                           indf2	equ	0xFDF
  1014                           fsr2h	equ	0xFDA
  1015                           fsr2l	equ	0xFD9
  1016                           status	equ	0xFD8
  1017                           
  1018 ;; *************** function _SYS_InterruptHigh *****************
  1019 ;; Defined at:
  1020 ;;		line 84 in file "../src/slave1/system.c"
  1021 ;; Parameters:    Size  Location     Type
  1022 ;;		None
  1023 ;; Auto vars:     Size  Location     Type
  1024 ;;		None
  1025 ;; Return value:  Size  Location     Type
  1026 ;;                  1    wreg      void 
  1027 ;; Registers used:
  1028 ;;		None
  1029 ;; Tracked objects:
  1030 ;;		On entry : 0/0
  1031 ;;		On exit  : 0/0
  1032 ;;		Unchanged: 0/0
  1033 ;; Data sizes:     COMRAM   BANK0   BANK1   BANK2   BANK3   BANK4   BANK5   BANK6   BANK7
  1034 ;;      Params:         0       0       0       0       0       0       0       0       0
  1035 ;;      Locals:         0       0       0       0       0       0       0       0       0
  1036 ;;      Temps:         14       0       0       0       0       0       0       0       0
  1037 ;;      Totals:        14       0       0       0       0       0       0       0       0
  1038 ;;Total ram usage:       14 bytes
  1039 ;; Hardware stack levels used:    1
  1040 ;; This function calls:
  1041 ;;		Nothing
  1042 ;; This function is called by:
  1043 ;;		Interrupt level 2
  1044 ;; This function uses a non-reentrant model
  1045 ;;
  1046                           
  1047                           	psect	intcode
  1048  000008                     __pintcode:
  1049                           	opt stack 0
  1050  000008                     _SYS_InterruptHigh:
  1051                           	opt stack 27
  1052                           
  1053                           ;incstack = 0
  1054  000008  8219               	bsf	btemp,1,c	;set compiler interrupt flag (level 2)
  1055  00000A  CFFA F001          	movff	pclath,??_SYS_InterruptHigh
  1056  00000E  CFFB F002          	movff	pclatu,??_SYS_InterruptHigh+1
  1057  000012  ED0D  F000         	call	int_func,f	;refresh shadow registers
  1058                           pclatu	equ	0xFFB
  1059                           pclath	equ	0xFFA
  1060                           tblptru	equ	0xFF8
  1061                           indf2	equ	0xFDF
  1062                           fsr2h	equ	0xFDA
  1063                           fsr2l	equ	0xFD9
  1064                           status	equ	0xFD8
  1065                           
  1066                           	psect	intcode_body
  1067  00001A                     __pintcode_body:
  1068                           	opt stack 27
  1069  00001A                     int_func:
  1070                           	opt stack 27
  1071  00001A  0006               	pop		; remove dummy address from shadow register refresh
  1072  00001C  CFE9 F003          	movff	fsr0l,??_SYS_InterruptHigh+2
  1073  000020  CFEA F004          	movff	fsr0h,??_SYS_InterruptHigh+3
  1074  000024  CFE1 F005          	movff	fsr1l,??_SYS_InterruptHigh+4
  1075  000028  CFE2 F006          	movff	fsr1h,??_SYS_InterruptHigh+5
  1076  00002C  CFD9 F007          	movff	fsr2l,??_SYS_InterruptHigh+6
  1077  000030  CFDA F008          	movff	fsr2h,??_SYS_InterruptHigh+7
  1078  000034  CFF3 F009          	movff	prodl,??_SYS_InterruptHigh+8
  1079  000038  CFF4 F00A          	movff	prodh,??_SYS_InterruptHigh+9
  1080  00003C  CFF6 F00B          	movff	tblptrl,??_SYS_InterruptHigh+10
  1081  000040  CFF7 F00C          	movff	tblptrh,??_SYS_InterruptHigh+11
  1082  000044  CFF8 F00D          	movff	tblptru,??_SYS_InterruptHigh+12
  1083  000048  CFF5 F00E          	movff	tablat,??_SYS_InterruptHigh+13
  1084  00004C  C00E  FFF5         	movff	??_SYS_InterruptHigh+13,tablat
  1085  000050  C00D  FFF8         	movff	??_SYS_InterruptHigh+12,tblptru
  1086  000054  C00C  FFF7         	movff	??_SYS_InterruptHigh+11,tblptrh
  1087  000058  C00B  FFF6         	movff	??_SYS_InterruptHigh+10,tblptrl
  1088  00005C  C00A  FFF4         	movff	??_SYS_InterruptHigh+9,prodh
  1089  000060  C009  FFF3         	movff	??_SYS_InterruptHigh+8,prodl
  1090  000064  C008  FFDA         	movff	??_SYS_InterruptHigh+7,fsr2h
  1091  000068  C007  FFD9         	movff	??_SYS_InterruptHigh+6,fsr2l
  1092  00006C  C006  FFE2         	movff	??_SYS_InterruptHigh+5,fsr1h
  1093  000070  C005  FFE1         	movff	??_SYS_InterruptHigh+4,fsr1l
  1094  000074  C004  FFEA         	movff	??_SYS_InterruptHigh+3,fsr0h
  1095  000078  C003  FFE9         	movff	??_SYS_InterruptHigh+2,fsr0l
  1096  00007C  C002  FFFB         	movff	??_SYS_InterruptHigh+1,pclatu
  1097  000080  C001  FFFA         	movff	??_SYS_InterruptHigh,pclath
  1098  000084  9219               	bcf	btemp,1,c	;clear compiler interrupt flag (level 2)
  1099  000086  0011               	retfie		f
  1100  000088                     __end_of_SYS_InterruptHigh:
  1101                           	opt stack 0
  1102  0000                     pclatu	equ	0xFFB
  1103                           pclath	equ	0xFFA
  1104                           tblptru	equ	0xFF8
  1105                           tblptrh	equ	0xFF7
  1106                           tblptrl	equ	0xFF6
  1107                           tablat	equ	0xFF5
  1108                           prodh	equ	0xFF4
  1109                           prodl	equ	0xFF3
  1110                           fsr0h	equ	0xFEA
  1111                           fsr0l	equ	0xFE9
  1112                           fsr1h	equ	0xFE2
  1113                           fsr1l	equ	0xFE1
  1114                           indf2	equ	0xFDF
  1115                           fsr2h	equ	0xFDA
  1116                           fsr2l	equ	0xFD9
  1117                           status	equ	0xFD8
  1118                           pclatu	equ	0xFFB
  1119                           pclath	equ	0xFFA
  1120                           tblptru	equ	0xFF8
  1121                           tblptrh	equ	0xFF7
  1122                           tblptrl	equ	0xFF6
  1123                           tablat	equ	0xFF5
  1124                           prodh	equ	0xFF4
  1125                           prodl	equ	0xFF3
  1126                           fsr0h	equ	0xFEA
  1127                           fsr0l	equ	0xFE9
  1128                           fsr1h	equ	0xFE2
  1129                           fsr1l	equ	0xFE1
  1130                           indf2	equ	0xFDF
  1131                           fsr2h	equ	0xFDA
  1132                           fsr2l	equ	0xFD9
  1133                           status	equ	0xFD8
  1134                           
  1135                           	psect	rparam
  1136  0000                     pclatu	equ	0xFFB
  1137                           pclath	equ	0xFFA
  1138                           tblptru	equ	0xFF8
  1139                           tblptrh	equ	0xFF7
  1140                           tblptrl	equ	0xFF6
  1141                           tablat	equ	0xFF5
  1142                           prodh	equ	0xFF4
  1143                           prodl	equ	0xFF3
  1144                           fsr0h	equ	0xFEA
  1145                           fsr0l	equ	0xFE9
  1146                           fsr1h	equ	0xFE2
  1147                           fsr1l	equ	0xFE1
  1148                           indf2	equ	0xFDF
  1149                           fsr2h	equ	0xFDA
  1150                           fsr2l	equ	0xFD9
  1151                           status	equ	0xFD8
  1152                           
  1153                           	psect	temp
  1154  000019                     btemp:
  1155                           	opt stack 0
  1156  000019                     	ds	1
  1157  0000                     int$flags	set	btemp
  1158                           pclatu	equ	0xFFB
  1159                           pclath	equ	0xFFA
  1160                           tblptru	equ	0xFF8
  1161                           tblptrh	equ	0xFF7
  1162                           tblptrl	equ	0xFF6
  1163                           tablat	equ	0xFF5
  1164                           prodh	equ	0xFF4
  1165                           prodl	equ	0xFF3
  1166                           fsr0h	equ	0xFEA
  1167                           fsr0l	equ	0xFE9
  1168                           fsr1h	equ	0xFE2
  1169                           fsr1l	equ	0xFE1
  1170                           indf2	equ	0xFDF
  1171                           fsr2h	equ	0xFDA
  1172                           fsr2l	equ	0xFD9
  1173                           status	equ	0xFD8


Data Sizes:
    Strings     0
    Constant    0
    Data        0
    BSS         0
    Persistent  0
    Stack       0

Auto Spaces:
    Space          Size  Autos    Used
    COMRAM           94     24      24
    BANK0           160      0       0
    BANK1           256      0       0
    BANK2           256      0       0
    BANK3           239      0       0
    BANK4           256      0       0
    BANK5           256      0       0
    BANK6           256      0       0
    BANK7           256      0       0

Pointer List with Targets:

    SPI_R_getsSPI@rdptr	PTR unsigned char  size(2) Largest target is 2
		 -> APP_tick@cArr(COMRAM[2]), 


Critical Paths under _main in COMRAM

    _main->_APP_tick
    _SYSTEM_Initialize->_SPI_R_OpenSPI
    _PWM_R_OpenPWM->_PWM_R_setPWM1
    _PWM_R_OpenPWM->_PWM_R_setPWM2
    _APP_tick->_SPI_R_getsSPI
    _SPI_R_getsSPI->_ReadSPI

Critical Paths under _SYS_InterruptHigh in COMRAM

    None.

Critical Paths under _main in BANK0

    None.

Critical Paths under _SYS_InterruptHigh in BANK0

    None.

Critical Paths under _main in BANK1

    None.

Critical Paths under _SYS_InterruptHigh in BANK1

    None.

Critical Paths under _main in BANK2

    None.

Critical Paths under _SYS_InterruptHigh in BANK2

    None.

Critical Paths under _main in BANK3

    None.

Critical Paths under _SYS_InterruptHigh in BANK3

    None.

Critical Paths under _main in BANK4

    None.

Critical Paths under _SYS_InterruptHigh in BANK4

    None.

Critical Paths under _main in BANK5

    None.

Critical Paths under _SYS_InterruptHigh in BANK5

    None.

Critical Paths under _main in BANK6

    None.

Critical Paths under _SYS_InterruptHigh in BANK6

    None.

Critical Paths under _main in BANK7

    None.

Critical Paths under _SYS_InterruptHigh in BANK7

    None.

Call Graph Tables:

 ---------------------------------------------------------------------------------
 (Depth) Function   	        Calls       Base Space   Used Autos Params    Refs
 ---------------------------------------------------------------------------------
 (0) _main                                                 0     0      0    1304
                           _APP_tick
                  _SYSTEM_Initialize
 ---------------------------------------------------------------------------------
 (1) _SYSTEM_Initialize                                    0     0      0     623
                         _LED_Enable
                      _PWM_R_OpenPWM
                      _SPI_R_OpenSPI
 ---------------------------------------------------------------------------------
 (2) _SPI_R_OpenSPI                                        3     1      2     216
                                             14 COMRAM     3     1      2
 ---------------------------------------------------------------------------------
 (2) _PWM_R_OpenPWM                                        0     0      0     392
                      _PWM_R_setPWM1
                      _PWM_R_setPWM2
 ---------------------------------------------------------------------------------
 (2) _LED_Enable                                           1     1      0      15
                                             14 COMRAM     1     1      0
 ---------------------------------------------------------------------------------
 (1) _APP_tick                                             6     6      0     681
                                             18 COMRAM     6     6      0
                      _PWM_R_setPWM1
                      _PWM_R_setPWM2
                   _SPI_R_DataRdySPI
                      _SPI_R_getsSPI
 ---------------------------------------------------------------------------------
 (2) _SPI_R_getsSPI                                        3     0      3     174
                                             15 COMRAM     3     0      3
                            _ReadSPI
 ---------------------------------------------------------------------------------
 (3) _ReadSPI                                              1     1      0       0
                                             14 COMRAM     1     1      0
 ---------------------------------------------------------------------------------
 (2) _SPI_R_DataRdySPI                                     3     1      2       0
                                             14 COMRAM     3     1      2
 ---------------------------------------------------------------------------------
 (3) _PWM_R_setPWM2                                        3     1      2     196
                                             14 COMRAM     3     1      2
 ---------------------------------------------------------------------------------
 (3) _PWM_R_setPWM1                                        3     1      2     196
                                             14 COMRAM     3     1      2
 ---------------------------------------------------------------------------------
 Estimated maximum stack depth 3
 ---------------------------------------------------------------------------------
 (Depth) Function   	        Calls       Base Space   Used Autos Params    Refs
 ---------------------------------------------------------------------------------
 (4) _SYS_InterruptHigh                                   14    14      0       0
                                              0 COMRAM    14    14      0
 ---------------------------------------------------------------------------------
 Estimated maximum stack depth 4
 ---------------------------------------------------------------------------------

 Call Graph Graphs:

 _main (ROOT)
   _APP_tick
     _PWM_R_setPWM1
     _PWM_R_setPWM2
     _SPI_R_DataRdySPI
     _SPI_R_getsSPI
       _ReadSPI
   _SYSTEM_Initialize
     _LED_Enable
     _PWM_R_OpenPWM
       _PWM_R_setPWM1
       _PWM_R_setPWM2
     _SPI_R_OpenSPI

 _SYS_InterruptHigh (ROOT)

 Address spaces:
Name               Size   Autos  Total    Cost      Usage
BITCOMRAM           5E      0       0       0        0.0%
EEDATA             100      0       0       0        0.0%
NULL                 0      0       0       0        0.0%
CODE                 0      0       0       0        0.0%
COMRAM              5E     18      18       1       25.5%
STACK                0      0       0       2        0.0%
DATA                 0      0       0       3        0.0%
BITBANK0            A0      0       0       4        0.0%
BANK0               A0      0       0       5        0.0%
BITBANK1           100      0       0       6        0.0%
BANK1              100      0       0       7        0.0%
BITBANK2           100      0       0       8        0.0%
BANK2              100      0       0       9        0.0%
BANK3               EF      0       0      10        0.0%
ABS                  0      0       0      11        0.0%
BITBANK3            EF      0       0      12        0.0%
BITBANK4           100      0       0      13        0.0%
BANK4              100      0       0      14        0.0%
BITBANK5           100      0       0      15        0.0%
BANK5              100      0       0      16        0.0%
BITBANK6           100      0       0      17        0.0%
BANK6              100      0       0      18        0.0%
BITBANK7           100      0       0      19        0.0%
BANK7              100      0       0      20        0.0%
BIGRAM_1           400      0       0      21        0.0%
BIGRAM             3EE      0       0      22        0.0%
BITSFR_5             0      0       0      40        0.0%
SFR_5                0      0       0      40        0.0%
BITSFR_4             0      0       0      40        0.0%
SFR_4                0      0       0      40        0.0%
BITSFR_3             0      0       0      40        0.0%
SFR_3                0      0       0      40        0.0%
BITSFR_2             0      0       0      40        0.0%
SFR_2                0      0       0      40        0.0%
BITSFR_1             0      0       0      40        0.0%
SFR_1                0      0       0      40        0.0%
BITSFR               0      0       0      40        0.0%
SFR                  0      0       0      40        0.0%


Microchip Technology PIC18 Macro Assembler V1.36 build -262312587 
Symbol Table                                                                                   Mon Feb 22 00:42:33 2016

               _SSPSTATbits 000FC7      __size_of_PWM_R_setPWM1 003C      __size_of_PWM_R_setPWM2 003C  
               ?_LED_Enable 0001                 __CFG_BOR$ON 000000                 __CFG_BORV$3 000000  
        __CFG_FOSC$XTPLL_XT 000000                __CFG_CP0$OFF 000000                __CFG_CP1$OFF 000000  
                       l125 019C                         l127 01A0                         l128 01A4  
                       l129 01A8                         l171 00BC                         l172 00D6  
                       l173 00BE                         l165 009C                         l174 00C2  
                       l167 00A0                         l168 00A2                         l249 0254  
                       l894 01AC                __CFG_CPB$OFF 000000                         u100 0240  
                       u108 0242                         _PR2 000FCB                __CFG_LVP$OFF 000000  
            ?_SPI_R_OpenSPI 000F                __CFG_WDT$OFF 000000                        l1132 022E  
                      l1126 021A                        l1152 026E                        l1138 00DE  
                      l1090 00A6                        l1094 00C6                        _main 026A  
                      fsr0h 000FEA                        fsr1h 000FE2                        fsr0l 000FE9  
                      fsr2h 000FDA                        fsr1l 000FE1                        indf2 000FDF  
                      fsr2l 000FD9                        btemp 0019                        pclat 000FFA  
                      prodh 000FF4                        prodl 000FF3                        start 0016  
             __CFG_IESO$OFF 000000              ?_SPI_R_getsSPI 0010               __CFG_MCLRE$ON 000000  
              ___param_bank 000010             __end_of_ReadSPI 025C               _PWM_R_OpenPWM 01CE  
             __CFG_PLLDIV$1 000000            __end_of_APP_tick 0120                       ?_main 0001  
             __CFG_USBDIV$2 000000               __CFG_PWRT$OFF 000000               __CFG_WRT0$OFF 000000  
             __CFG_WRT1$OFF 000000              __CFG_EBTR0$OFF 000000              __CFG_FCMEN$OFF 000000  
            __CFG_EBTR1$OFF 000000               __CFG_WRTB$OFF 000000               __CFG_WRTC$OFF 000000  
            __CFG_EBTRB$OFF 000000               _PWM_R_setPWM1 015C               _PWM_R_setPWM2 0120  
                     tablat 000FF5         __size_of_LED_Enable 0036                       status 000FD8  
           __initialization 025C                __end_of_main 0274              ?_PWM_R_OpenPWM 0001  
                    ??_main 0019               __activetblptr 000002             ??_SPI_R_OpenSPI 0011  
                    _ADCON0 000FC2                      _ADCON2 000FC0                      _CCP1M2 007DEA  
                    _CCP1M3 007DEB                      _CCP2M2 007DD2                      _CCP2M3 007DD3  
            ?_PWM_R_setPWM1 000F              ?_PWM_R_setPWM2 000F                      _ADRESH 000FC4  
                    _ADRESL 000FC3                      _CCPR1L 000FBE                      _CCPR2L 000FBB  
              APP_tick@cArr 0017           ?_SPI_R_DataRdySPI 000F                      _TMR2ON 007E52  
                    _SSPBUF 000FC9             ??_SPI_R_getsSPI 0013                   ??_ReadSPI 000F  
            __CFG_VREGEN$ON 000000          ??_SPI_R_DataRdySPI 0011              __CFG_XINST$OFF 000000  
            __CFG_STVREN$ON 000000                      tblptrh 000FF7                      tblptrl 000FF6  
                    tblptru 000FF8           _SYSTEM_Initialize 01F8                  __accesstop 0060  
   __end_of__initialization 025C             __CFG_PBADEN$OFF 000000                   ?_APP_tick 0001  
        ?_SYSTEM_Initialize 0001               ___rparam_used 000001             ??_PWM_R_OpenPWM 0012  
            __pcstackCOMRAM 0001         ??_SYSTEM_Initialize 0012                ??_LED_Enable 000F  
           ??_PWM_R_setPWM1 0011             ??_PWM_R_setPWM2 0011         SPI_R_getsSPI@length 0012  
 __end_of_SYSTEM_Initialize 0218                  ??_APP_tick 0013          __end_of_LED_Enable 01CE  
             LED_Enable@led 000F                     _T2CKPS0 007E50                     _T2CKPS1 007E51  
                   _SSPCON1 000FC6                     _SSPSTAT 000FC7                     _ReadSPI 024A  
                   __Hparam 0000                     __Lparam 0000                     __pcinit 025C  
                   __ramtop 0800                     __ptext0 026A                     __ptext1 01F8  
                   __ptext2 0088                     __ptext3 01CE                     __ptext4 0198  
                   __ptext5 00DE                     __ptext6 0218                     __ptext7 024A  
                   __ptext8 0236                     __ptext9 0120  __size_of_SYSTEM_Initialize 0020  
            __pintcode_body 001A        end_of_initialization 025C               __Lmediumconst 0000  
                   int_func 001A   __size_of_SPI_R_DataRdySPI 0014                   _PORTBbits 000F81  
                 _TRISAbits 000F92                   _TRISBbits 000F93                   _TRISCbits 000F94  
     __end_of_SPI_R_OpenSPI 00DE                 _CCP1CONbits 000FBD                 _CCP2CONbits 000FBA  
     __end_of_SPI_R_getsSPI 0236           __size_of_APP_tick 0042                  APP_tick@p1 0013  
                APP_tick@p2 0015         start_initialization 025C              ReadSPI@TempVar 000F  
     __end_of_PWM_R_OpenPWM 01F8            __CFG_LPT1OSC$OFF 000000       __end_of_PWM_R_setPWM1 0198  
     __end_of_PWM_R_setPWM2 015C          SPI_R_getsSPI@rdptr 0010                    ?_ReadSPI 0001  
                 __pintcode 0008            _SPI_R_DataRdySPI 0236      SPI_R_OpenSPI@smp_phase 0010  
                  _APP_tick 00DE                    _LATBbits 000F8A                    _PIR1bits 000F9E  
    SPI_R_OpenSPI@sync_mode 0011            __CFG_WDTPS$32768 000000                  _ADCON0bits 000FC2  
                _ADCON1bits 000FC1                  _ADCON2bits 000FC0           _SYS_InterruptHigh 0008  
        ?_SYS_InterruptHigh 0001         ??_SYS_InterruptHigh 0001            __size_of_ReadSPI 0012  
                  __Hrparam 0000                    __Lrparam 0000   __end_of_SYS_InterruptHigh 0088  
     SPI_R_OpenSPI@bus_mode 000F                    __ptext10 015C               __size_of_main 000A  
                  int$flags 0019      __size_of_SPI_R_OpenSPI 0056                  _LED_Enable 0198  
     __CFG_CPUDIV$OSC1_PLL2 000000      __size_of_SPI_R_getsSPI 001E                    intlevel2 0000  
  __end_of_SPI_R_DataRdySPI 024A            PWM_R_setPWM1@val 000F            PWM_R_setPWM2@val 000F  
__size_of_SYS_InterruptHigh 0080                 _SSPCON1bits 000FC6               _SPI_R_OpenSPI 0088  
    __size_of_PWM_R_OpenPWM 002A               _SPI_R_getsSPI 0218  
