

Microchip Technology PIC18 LITE Macro Assembler V1.36 build -262312587 
                                                                                               Sun Mar 06 04:22:38 2016

Microchip Technology Omniscient Code Generator v1.36 (Free mode) build 201601150325
     1                           	processor	18F2550
     2                           	fnconf	rparam,??,?,0
     3                           	opt	pw 120
     4                           	opt	lm
     5                           	psect	cinit,global,reloc=2,class=CODE,delta=1
     6                           	psect	bssCOMRAM,global,class=COMRAM,space=1,delta=1
     7                           	psect	cstackCOMRAM,global,class=COMRAM,space=1,delta=1
     8                           	psect	text0,global,reloc=2,class=CODE,delta=1
     9                           	psect	text1,global,reloc=2,class=CODE,delta=1
    10                           	psect	text2,global,reloc=2,class=CODE,delta=1
    11                           	psect	text3,global,reloc=2,class=CODE,delta=1
    12                           	psect	text4,global,reloc=2,class=CODE,delta=1
    13                           	psect	text5,global,reloc=2,class=CODE,delta=1
    14                           	psect	text6,global,reloc=2,class=CODE,delta=1
    15                           	psect	text7,global,reloc=2,class=CODE,delta=1
    16                           	psect	text8,global,reloc=2,class=CODE,delta=1
    17                           	psect	intcode,global,reloc=2,class=CODE,delta=1
    18                           	psect	intcode_body,global,reloc=2,class=CODE,delta=1
    19                           	psect	intsave_regs,global,class=BIGRAM,space=1,delta=1
    20                           	psect	rparam,global,class=COMRAM,space=1,delta=1
    21                           	psect	temp,global,ovrld,common,class=COMRAM,space=1,delta=1
    22  0000                     _ADCON0	set	4034
    23  0000                     _ADCON0bits	set	4034
    24  0000                     _ADCON1bits	set	4033
    25  0000                     _ADCON2	set	4032
    26  0000                     _ADCON2bits	set	4032
    27  0000                     _ADRESH	set	4036
    28  0000                     _ADRESL	set	4035
    29  0000                     _CCP1CONbits	set	4029
    30  0000                     _CCP2CONbits	set	4026
    31  0000                     _CCPR1L	set	4030
    32  0000                     _CCPR2L	set	4027
    33  0000                     _LATA	set	3977
    34  0000                     _LATB	set	3978
    35  0000                     _PIR1bits	set	3998
    36  0000                     _PR2	set	4043
    37  0000                     _SSPBUF	set	4041
    38  0000                     _SSPCON1	set	4038
    39  0000                     _SSPCON1bits	set	4038
    40  0000                     _SSPSTAT	set	4039
    41  0000                     _SSPSTATbits	set	4039
    42  0000                     _TRISA	set	3986
    43  0000                     _TRISAbits	set	3986
    44  0000                     _TRISB	set	3987
    45  0000                     _TRISBbits	set	3987
    46  0000                     _TRISCbits	set	3988
    47  0000                     _CCP1M2	set	32234
    48  0000                     _CCP1M3	set	32235
    49  0000                     _CCP2M2	set	32210
    50  0000                     _CCP2M3	set	32211
    51  0000                     _T2CKPS0	set	32336
    52  0000                     _T2CKPS1	set	32337
    53  0000                     _TMR2ON	set	32338
    54                           
    55                           ; #config settings
    56  0000                     
    57                           	psect	cinit
    58  0001FA                     __pcinit:
    59                           	opt stack 0
    60  0001FA                     start_initialization:
    61                           	opt stack 0
    62  0001FA                     __initialization:
    63                           	opt stack 0
    64                           
    65                           ; Clear objects allocated to COMRAM (2 bytes)
    66  0001FA  6A13               	clrf	(__pbssCOMRAM+1)& (0+255),c
    67  0001FC  6A12               	clrf	__pbssCOMRAM& (0+255),c
    68  0001FE                     end_of_initialization:
    69                           	opt stack 0
    70  0001FE                     __end_of__initialization:
    71                           	opt stack 0
    72  0001FE  9014               	bcf	int$flags,0,c	;clear compiler interrupt flag (level 1)
    73  000200  9214               	bcf	int$flags,1,c	;clear compiler interrupt flag (level 2)
    74  000202  0E00               	movlw	low (__Lmediumconst shr (0+16))
    75  000204  6EF8               	movwf	tblptru,c
    76  000206  0100               	movlb	0
    77  000208  EF0D  F001         	goto	_main	;jump to C main() function
    78                           tblptru	equ	0xFF8
    79                           
    80                           	psect	bssCOMRAM
    81  000012                     __pbssCOMRAM:
    82                           	opt stack 0
    83  000012                     _cArr:
    84                           	opt stack 0
    85  000012                     	ds	2
    86                           tblptru	equ	0xFF8
    87                           
    88                           	psect	cstackCOMRAM
    89  000001                     __pcstackCOMRAM:
    90                           	opt stack 0
    91  000001                     ??_SYS_InterruptHigh:
    92                           
    93                           ; 1 bytes @ 0x0
    94  000001                     	ds	14
    95  00000F                     ?_SPI_R_DataRdySPI:
    96                           	opt stack 0
    97  00000F                     ?_SPI_R_getcSPI:
    98                           	opt stack 0
    99  00000F                     SPI_R_OpenSPI@bus_mode:
   100                           	opt stack 0
   101  00000F                     PWM_R_setPWM1@val:
   102                           	opt stack 0
   103  00000F                     PWM_R_setPWM2@val:
   104                           	opt stack 0
   105                           
   106                           ; 2 bytes @ 0xE
   107  00000F                     	ds	1
   108  000010                     SPI_R_OpenSPI@smp_phase:
   109                           	opt stack 0
   110                           
   111                           ; 1 bytes @ 0xF
   112  000010                     	ds	1
   113  000011                     ??_PWM_R_setPWM1:
   114  000011                     ??_PWM_R_setPWM2:
   115  000011                     SPI_R_OpenSPI@sync_mode:
   116                           	opt stack 0
   117  000011                     SPI_R_getcSPI@TempVar:
   118                           	opt stack 0
   119                           
   120                           ; 1 bytes @ 0x10
   121  000011                     	ds	1
   122  000012                     tblptru	equ	0xFF8
   123                           
   124                           ; 1 bytes @ 0x11
   125 ;;
   126 ;;Main: autosize = 0, tempsize = 0, incstack = 0, save=0
   127 ;;
   128 ;; *************** function _main *****************
   129 ;; Defined at:
   130 ;;		line 5 in file "../src/slave1/main.c"
   131 ;; Parameters:    Size  Location     Type
   132 ;;		None
   133 ;; Auto vars:     Size  Location     Type
   134 ;;		None
   135 ;; Return value:  Size  Location     Type
   136 ;;                  1    wreg      void 
   137 ;; Registers used:
   138 ;;		wreg, status,2, status,0, cstack
   139 ;; Tracked objects:
   140 ;;		On entry : 0/0
   141 ;;		On exit  : 0/0
   142 ;;		Unchanged: 0/0
   143 ;; Data sizes:     COMRAM   BANK0   BANK1   BANK2   BANK3   BANK4   BANK5   BANK6   BANK7
   144 ;;      Params:         0       0       0       0       0       0       0       0       0
   145 ;;      Locals:         0       0       0       0       0       0       0       0       0
   146 ;;      Temps:          0       0       0       0       0       0       0       0       0
   147 ;;      Totals:         0       0       0       0       0       0       0       0       0
   148 ;;Total ram usage:        0 bytes
   149 ;; Hardware stack levels required when called:    4
   150 ;; This function calls:
   151 ;;		_APP_tick
   152 ;;		_SYSTEM_Initialize
   153 ;; This function is called by:
   154 ;;		Startup code after reset
   155 ;; This function uses a non-reentrant model
   156 ;;
   157                           
   158                           	psect	text0
   159  00021A                     __ptext0:
   160                           	opt stack 0
   161  00021A                     _main:
   162                           	opt stack 27
   163                           
   164                           ;main.c: 6: SYSTEM_Initialize();
   165                           
   166                           ;incstack = 0
   167  00021A  ECE1  F000         	call	_SYSTEM_Initialize	;wreg free
   168  00021E                     l7:
   169                           
   170                           ;main.c: 9: ;
   171                           ;main.c: 11: APP_tick();
   172  00021E  EC6F  F000         	call	_APP_tick	;wreg free
   173  000222  D7FD               	goto	l7
   174  000224                     __end_of_main:
   175                           	opt stack 0
   176                           tblptru	equ	0xFF8
   177                           
   178 ;; *************** function _SYSTEM_Initialize *****************
   179 ;; Defined at:
   180 ;;		line 57 in file "../src/slave1/system.c"
   181 ;; Parameters:    Size  Location     Type
   182 ;;		None
   183 ;; Auto vars:     Size  Location     Type
   184 ;;		None
   185 ;; Return value:  Size  Location     Type
   186 ;;                  1    wreg      void 
   187 ;; Registers used:
   188 ;;		wreg, status,2, status,0, cstack
   189 ;; Tracked objects:
   190 ;;		On entry : 0/0
   191 ;;		On exit  : 0/0
   192 ;;		Unchanged: 0/0
   193 ;; Data sizes:     COMRAM   BANK0   BANK1   BANK2   BANK3   BANK4   BANK5   BANK6   BANK7
   194 ;;      Params:         0       0       0       0       0       0       0       0       0
   195 ;;      Locals:         0       0       0       0       0       0       0       0       0
   196 ;;      Temps:          0       0       0       0       0       0       0       0       0
   197 ;;      Totals:         0       0       0       0       0       0       0       0       0
   198 ;;Total ram usage:        0 bytes
   199 ;; Hardware stack levels used:    1
   200 ;; Hardware stack levels required when called:    3
   201 ;; This function calls:
   202 ;;		_PWM_R_OpenPWM
   203 ;;		_SPI_R_OpenSPI
   204 ;; This function is called by:
   205 ;;		_main
   206 ;; This function uses a non-reentrant model
   207 ;;
   208                           
   209                           	psect	text1
   210  0001C2                     __ptext1:
   211                           	opt stack 0
   212  0001C2                     _SYSTEM_Initialize:
   213                           	opt stack 27
   214                           
   215                           ;system.c: 58: TRISA = 0xFF;
   216                           
   217                           ;incstack = 0
   218  0001C2  6892               	setf	3986,c	;volatile
   219                           
   220                           ;system.c: 59: LATA = 0x00;
   221  0001C4  0E00               	movlw	0
   222  0001C6  6E89               	movwf	3977,c	;volatile
   223                           
   224                           ;system.c: 61: TRISB = 0xFF;
   225  0001C8  6893               	setf	3987,c	;volatile
   226                           
   227                           ;system.c: 62: LATB = 0x00;
   228  0001CA  0E00               	movlw	0
   229  0001CC  6E8A               	movwf	3978,c	;volatile
   230                           
   231                           ;system.c: 68: SPI_R_OpenSPI(0b00000101, 0b00000010, 0b00000000);
   232  0001CE  0E02               	movlw	2
   233  0001D0  6E0F               	movwf	SPI_R_OpenSPI@bus_mode,c
   234  0001D2  0E00               	movlw	0
   235  0001D4  6E10               	movwf	SPI_R_OpenSPI@smp_phase,c
   236  0001D6  0E05               	movlw	5
   237  0001D8  EC44  F000         	call	_SPI_R_OpenSPI
   238                           
   239                           ;system.c: 74: PWM_R_OpenPWM();
   240  0001DC  ECCA  F000         	call	_PWM_R_OpenPWM	;wreg free
   241  0001E0  0012               	return		;funcret
   242  0001E2                     __end_of_SYSTEM_Initialize:
   243                           	opt stack 0
   244                           tblptru	equ	0xFF8
   245                           
   246 ;; *************** function _SPI_R_OpenSPI *****************
   247 ;; Defined at:
   248 ;;		line 3 in file "../../../../_ELECTRONIC/inc/spi_r.c"
   249 ;; Parameters:    Size  Location     Type
   250 ;;  sync_mode       1    wreg     unsigned char 
   251 ;;  bus_mode        1   14[COMRAM] unsigned char 
   252 ;;  smp_phase       1   15[COMRAM] unsigned char 
   253 ;; Auto vars:     Size  Location     Type
   254 ;;  sync_mode       1   16[COMRAM] unsigned char 
   255 ;; Return value:  Size  Location     Type
   256 ;;                  1    wreg      void 
   257 ;; Registers used:
   258 ;;		wreg, status,2, status,0
   259 ;; Tracked objects:
   260 ;;		On entry : 0/0
   261 ;;		On exit  : 0/0
   262 ;;		Unchanged: 0/0
   263 ;; Data sizes:     COMRAM   BANK0   BANK1   BANK2   BANK3   BANK4   BANK5   BANK6   BANK7
   264 ;;      Params:         2       0       0       0       0       0       0       0       0
   265 ;;      Locals:         1       0       0       0       0       0       0       0       0
   266 ;;      Temps:          0       0       0       0       0       0       0       0       0
   267 ;;      Totals:         3       0       0       0       0       0       0       0       0
   268 ;;Total ram usage:        3 bytes
   269 ;; Hardware stack levels used:    1
   270 ;; Hardware stack levels required when called:    1
   271 ;; This function calls:
   272 ;;		Nothing
   273 ;; This function is called by:
   274 ;;		_SYSTEM_Initialize
   275 ;; This function uses a non-reentrant model
   276 ;;
   277                           
   278                           	psect	text2
   279  000088                     __ptext2:
   280                           	opt stack 0
   281  000088                     _SPI_R_OpenSPI:
   282                           	opt stack 28
   283                           
   284                           ;incstack = 0
   285                           ;SPI_R_OpenSPI@sync_mode stored from wreg
   286  000088  6E11               	movwf	SPI_R_OpenSPI@sync_mode,c
   287                           
   288                           ;spi_r.c: 4: SSPSTAT &= 0x3F;
   289  00008A  0E3F               	movlw	63
   290  00008C  16C7               	andwf	4039,f,c	;volatile
   291                           
   292                           ;spi_r.c: 5: SSPCON1 = 0x00;
   293  00008E  0E00               	movlw	0
   294  000090  6EC6               	movwf	4038,c	;volatile
   295                           
   296                           ;spi_r.c: 6: SSPCON1 |= sync_mode;
   297  000092  5011               	movf	SPI_R_OpenSPI@sync_mode,w,c
   298  000094  12C6               	iorwf	4038,f,c	;volatile
   299                           
   300                           ;spi_r.c: 7: SSPSTAT |= smp_phase;
   301  000096  5010               	movf	SPI_R_OpenSPI@smp_phase,w,c
   302  000098  12C7               	iorwf	4039,f,c	;volatile
   303                           
   304                           ;spi_r.c: 9: switch( bus_mode ) {
   305  00009A  D005               	goto	l970
   306  00009C                     l153:
   307                           
   308                           ;spi_r.c: 11: SSPSTATbits.CKE = 1;
   309  00009C  8CC7               	bsf	4039,6,c	;volatile
   310                           
   311                           ;spi_r.c: 12: break;
   312  00009E  D013               	goto	l974
   313  0000A0                     l155:
   314                           
   315                           ;spi_r.c: 14: SSPSTATbits.CKE = 1;
   316  0000A0  8CC7               	bsf	4039,6,c	;volatile
   317  0000A2                     l156:
   318                           
   319                           ;spi_r.c: 18: SSPCON1bits.CKP = 1;
   320  0000A2  88C6               	bsf	4038,4,c	;volatile
   321                           
   322                           ;spi_r.c: 22: }
   323                           
   324                           ;spi_r.c: 21: break;
   325                           
   326                           ;spi_r.c: 20: default:
   327                           
   328                           ;spi_r.c: 19: break;
   329  0000A4  D010               	goto	l974
   330  0000A6                     l970:
   331  0000A6  500F               	movf	SPI_R_OpenSPI@bus_mode,w,c
   332                           
   333                           ; Switch size 1, requested type "space"
   334                           ; Number of cases is 3, Range of values is 0 to 3
   335                           ; switch strategies available:
   336                           ; Name         Instructions Cycles
   337                           ; simple_byte           10     6 (average)
   338                           ;	Chosen strategy is simple_byte
   339  0000A8  0A00               	xorlw	0	; case 0
   340  0000AA  B4D8               	btfsc	status,2,c
   341  0000AC  D7F7               	goto	l153
   342  0000AE  0A02               	xorlw	2	; case 2
   343  0000B0  B4D8               	btfsc	status,2,c
   344  0000B2  D7F6               	goto	l155
   345  0000B4  0A01               	xorlw	1	; case 3
   346  0000B6  B4D8               	btfsc	status,2,c
   347  0000B8  D7F4               	goto	l156
   348                           
   349                           ;spi_r.c: 24: switch( sync_mode ) {
   350  0000BA  D005               	goto	l974
   351  0000BC                     l159:
   352                           
   353                           ;spi_r.c: 26: TRISAbits.TRISA5 = 1;
   354  0000BC  8A92               	bsf	3986,5,c	;volatile
   355  0000BE                     l161:
   356                           
   357                           ;spi_r.c: 31: TRISBbits.TRISB1 = 1;
   358  0000BE  8293               	bsf	3987,1,c	;volatile
   359                           
   360                           ;spi_r.c: 32: break;
   361  0000C0  D00A               	goto	l160
   362  0000C2                     l162:
   363                           
   364                           ;spi_r.c: 35: TRISBbits.TRISB1 = 0;
   365  0000C2  9293               	bcf	3987,1,c	;volatile
   366                           
   367                           ;spi_r.c: 37: }
   368                           
   369                           ;spi_r.c: 36: break;
   370  0000C4  D008               	goto	l160
   371  0000C6                     l974:
   372  0000C6  5011               	movf	SPI_R_OpenSPI@sync_mode,w,c
   373                           
   374                           ; Switch size 1, requested type "space"
   375                           ; Number of cases is 2, Range of values is 4 to 5
   376                           ; switch strategies available:
   377                           ; Name         Instructions Cycles
   378                           ; simple_byte            7     4 (average)
   379                           ;	Chosen strategy is simple_byte
   380  0000C8  0A04               	xorlw	4	; case 4
   381  0000CA  B4D8               	btfsc	status,2,c
   382  0000CC  D7F7               	goto	l159
   383  0000CE  0A01               	xorlw	1	; case 5
   384  0000D0  B4D8               	btfsc	status,2,c
   385  0000D2  D7F5               	goto	l161
   386  0000D4  D7F6               	goto	l162
   387  0000D6                     l160:
   388                           
   389                           ;spi_r.c: 38: TRISBbits.TRISB0 = 1;
   390  0000D6  8093               	bsf	3987,0,c	;volatile
   391                           
   392                           ;spi_r.c: 39: TRISCbits.TRISC7 = 0;
   393  0000D8  9E94               	bcf	3988,7,c	;volatile
   394                           
   395                           ;spi_r.c: 41: SSPCON1 |= 0b00100000;
   396  0000DA  8AC6               	bsf	4038,5,c	;volatile
   397  0000DC  0012               	return		;funcret
   398  0000DE                     __end_of_SPI_R_OpenSPI:
   399                           	opt stack 0
   400                           tblptru	equ	0xFF8
   401                           status	equ	0xFD8
   402                           
   403 ;; *************** function _PWM_R_OpenPWM *****************
   404 ;; Defined at:
   405 ;;		line 17 in file "../../../../_ELECTRONIC/inc/pwm_r.c"
   406 ;; Parameters:    Size  Location     Type
   407 ;;		None
   408 ;; Auto vars:     Size  Location     Type
   409 ;;		None
   410 ;; Return value:  Size  Location     Type
   411 ;;                  1    wreg      void 
   412 ;; Registers used:
   413 ;;		wreg, status,2, status,0, cstack
   414 ;; Tracked objects:
   415 ;;		On entry : 0/0
   416 ;;		On exit  : 0/0
   417 ;;		Unchanged: 0/0
   418 ;; Data sizes:     COMRAM   BANK0   BANK1   BANK2   BANK3   BANK4   BANK5   BANK6   BANK7
   419 ;;      Params:         0       0       0       0       0       0       0       0       0
   420 ;;      Locals:         0       0       0       0       0       0       0       0       0
   421 ;;      Temps:          0       0       0       0       0       0       0       0       0
   422 ;;      Totals:         0       0       0       0       0       0       0       0       0
   423 ;;Total ram usage:        0 bytes
   424 ;; Hardware stack levels used:    1
   425 ;; Hardware stack levels required when called:    2
   426 ;; This function calls:
   427 ;;		_PWM_R_setPWM1
   428 ;;		_PWM_R_setPWM2
   429 ;; This function is called by:
   430 ;;		_SYSTEM_Initialize
   431 ;; This function uses a non-reentrant model
   432 ;;
   433                           
   434                           	psect	text3
   435  000194                     __ptext3:
   436                           	opt stack 0
   437  000194                     _PWM_R_OpenPWM:
   438                           	opt stack 27
   439                           
   440                           ;pwm_r.c: 19: PR2 = 0xFF;
   441                           
   442                           ;incstack = 0
   443  000194  68CB               	setf	4043,c	;volatile
   444                           
   445                           ;pwm_r.c: 21: PWM_R_setPWM1(0x00);
   446  000196  0E00               	movlw	0
   447  000198  6E10               	movwf	PWM_R_setPWM1@val+1,c
   448  00019A  0E00               	movlw	0
   449  00019C  6E0F               	movwf	PWM_R_setPWM1@val,c
   450  00019E  ECAC  F000         	call	_PWM_R_setPWM1	;wreg free
   451                           
   452                           ;pwm_r.c: 22: PWM_R_setPWM2(0x00);
   453  0001A2  0E00               	movlw	0
   454  0001A4  6E10               	movwf	PWM_R_setPWM2@val+1,c
   455  0001A6  0E00               	movlw	0
   456  0001A8  6E0F               	movwf	PWM_R_setPWM2@val,c
   457  0001AA  EC8E  F000         	call	_PWM_R_setPWM2	;wreg free
   458                           
   459                           ;pwm_r.c: 25: TRISCbits.RC1 = 0;
   460  0001AE  9294               	bcf	3988,1,c	;volatile
   461                           
   462                           ;pwm_r.c: 26: TRISCbits.RC2 = 0;
   463  0001B0  9494               	bcf	3988,2,c	;volatile
   464                           
   465                           ;pwm_r.c: 36: T2CKPS0 = 1;
   466  0001B2  80CA               	bsf	4042,0,c	;volatile
   467                           
   468                           ;pwm_r.c: 37: T2CKPS1 = 1;
   469  0001B4  82CA               	bsf	4042,1,c	;volatile
   470                           
   471                           ;pwm_r.c: 39: TMR2ON = 1;
   472  0001B6  84CA               	bsf	4042,2,c	;volatile
   473                           
   474                           ;pwm_r.c: 42: CCP1M3 = 1;
   475  0001B8  86BD               	bsf	4029,3,c	;volatile
   476                           
   477                           ;pwm_r.c: 43: CCP1M2 = 1;
   478  0001BA  84BD               	bsf	4029,2,c	;volatile
   479                           
   480                           ;pwm_r.c: 45: CCP2M3 = 1;
   481  0001BC  86BA               	bsf	4026,3,c	;volatile
   482                           
   483                           ;pwm_r.c: 46: CCP2M2 = 1;
   484  0001BE  84BA               	bsf	4026,2,c	;volatile
   485  0001C0  0012               	return		;funcret
   486  0001C2                     __end_of_PWM_R_OpenPWM:
   487                           	opt stack 0
   488                           tblptru	equ	0xFF8
   489                           status	equ	0xFD8
   490                           
   491 ;; *************** function _APP_tick *****************
   492 ;; Defined at:
   493 ;;		line 14 in file "../src/slave1/app_slave1.c"
   494 ;; Parameters:    Size  Location     Type
   495 ;;		None
   496 ;; Auto vars:     Size  Location     Type
   497 ;;		None
   498 ;; Return value:  Size  Location     Type
   499 ;;                  1    wreg      void 
   500 ;; Registers used:
   501 ;;		wreg, status,2, status,0, cstack
   502 ;; Tracked objects:
   503 ;;		On entry : 0/0
   504 ;;		On exit  : 0/0
   505 ;;		Unchanged: 0/0
   506 ;; Data sizes:     COMRAM   BANK0   BANK1   BANK2   BANK3   BANK4   BANK5   BANK6   BANK7
   507 ;;      Params:         0       0       0       0       0       0       0       0       0
   508 ;;      Locals:         0       0       0       0       0       0       0       0       0
   509 ;;      Temps:          0       0       0       0       0       0       0       0       0
   510 ;;      Totals:         0       0       0       0       0       0       0       0       0
   511 ;;Total ram usage:        0 bytes
   512 ;; Hardware stack levels used:    1
   513 ;; Hardware stack levels required when called:    2
   514 ;; This function calls:
   515 ;;		_PWM_R_setPWM1
   516 ;;		_PWM_R_setPWM2
   517 ;;		_SPI_R_DataRdySPI
   518 ;;		_SPI_R_getcSPI
   519 ;; This function is called by:
   520 ;;		_main
   521 ;; This function uses a non-reentrant model
   522 ;;
   523                           
   524                           	psect	text4
   525  0000DE                     __ptext4:
   526                           	opt stack 0
   527  0000DE                     _APP_tick:
   528                           	opt stack 28
   529  0000DE                     l1026:
   530  0000DE  ECF1  F000         	call	_SPI_R_DataRdySPI	;wreg free
   531  0000E2  500F               	movf	?_SPI_R_DataRdySPI,w,c
   532  0000E4  1010               	iorwf	?_SPI_R_DataRdySPI+1,w,c
   533  0000E6  B4D8               	btfsc	status,2,c
   534  0000E8  D7FA               	goto	l1026
   535                           
   536                           ;app_slave1.c: 16: cArr[0] = SPI_R_getcSPI();
   537  0000EA  EC06  F001         	call	_SPI_R_getcSPI	;wreg free
   538  0000EE  500F               	movf	?_SPI_R_getcSPI,w,c
   539  0000F0  6E12               	movwf	_cArr,c
   540  0000F2                     l1030:
   541  0000F2  ECF1  F000         	call	_SPI_R_DataRdySPI	;wreg free
   542  0000F6  500F               	movf	?_SPI_R_DataRdySPI,w,c
   543  0000F8  1010               	iorwf	?_SPI_R_DataRdySPI+1,w,c
   544  0000FA  B4D8               	btfsc	status,2,c
   545  0000FC  D7FA               	goto	l1030
   546                           
   547                           ;app_slave1.c: 20: if(cArr[0] >= 0 && cArr[0] <= 255)
   548  0000FE  EC06  F001         	call	_SPI_R_getcSPI	;wreg free
   549  000102  500F               	movf	?_SPI_R_getcSPI,w,c
   550  000104  6E13               	movwf	_cArr+1,c
   551                           
   552                           ;app_slave1.c: 21: PWM_R_setPWM1(cArr[0]);
   553  000106  C012  F00F         	movff	_cArr,PWM_R_setPWM1@val
   554  00010A  6A10               	clrf	PWM_R_setPWM1@val+1,c
   555  00010C  ECAC  F000         	call	_PWM_R_setPWM1	;wreg free
   556                           
   557                           ;app_slave1.c: 24: PWM_R_setPWM2(cArr[1]);
   558                           
   559                           ;app_slave1.c: 23: if(cArr[1] >= 0 && cArr[1] <= 255)
   560  000110  C013  F00F         	movff	_cArr+1,PWM_R_setPWM2@val
   561  000114  6A10               	clrf	PWM_R_setPWM2@val+1,c
   562  000116  EC8E  F000         	call	_PWM_R_setPWM2	;wreg free
   563  00011A  0012               	return	
   564  00011C                     __end_of_APP_tick:
   565                           	opt stack 0
   566                           tblptru	equ	0xFF8
   567                           status	equ	0xFD8
   568                           
   569 ;; *************** function _SPI_R_getcSPI *****************
   570 ;; Defined at:
   571 ;;		line 58 in file "../../../../_ELECTRONIC/inc/spi_r.c"
   572 ;; Parameters:    Size  Location     Type
   573 ;;		None
   574 ;; Auto vars:     Size  Location     Type
   575 ;;  TempVar         1   16[COMRAM] unsigned char 
   576 ;; Return value:  Size  Location     Type
   577 ;;                  2   14[COMRAM] int 
   578 ;; Registers used:
   579 ;;		None
   580 ;; Tracked objects:
   581 ;;		On entry : 0/0
   582 ;;		On exit  : 0/0
   583 ;;		Unchanged: 0/0
   584 ;; Data sizes:     COMRAM   BANK0   BANK1   BANK2   BANK3   BANK4   BANK5   BANK6   BANK7
   585 ;;      Params:         2       0       0       0       0       0       0       0       0
   586 ;;      Locals:         1       0       0       0       0       0       0       0       0
   587 ;;      Temps:          0       0       0       0       0       0       0       0       0
   588 ;;      Totals:         3       0       0       0       0       0       0       0       0
   589 ;;Total ram usage:        3 bytes
   590 ;; Hardware stack levels used:    1
   591 ;; Hardware stack levels required when called:    1
   592 ;; This function calls:
   593 ;;		Nothing
   594 ;; This function is called by:
   595 ;;		_APP_tick
   596 ;;		_SPI_R_getsSPI
   597 ;; This function uses a non-reentrant model
   598 ;;
   599                           
   600                           	psect	text5
   601  00020C                     __ptext5:
   602                           	opt stack 0
   603  00020C                     _SPI_R_getcSPI:
   604                           	opt stack 28
   605                           
   606                           ;spi_r.c: 59: unsigned char TempVar;
   607                           ;spi_r.c: 60: TempVar = SSPBUF;
   608                           
   609                           ;incstack = 0
   610  00020C  CFC9 F011          	movff	4041,SPI_R_getcSPI@TempVar	;volatile
   611                           
   612                           ;spi_r.c: 61: PIR1bits.SSPIF = 0;
   613  000210  969E               	bcf	3998,3,c	;volatile
   614                           
   615                           ;spi_r.c: 65: return ( TempVar );
   616  000212  C011  F00F         	movff	SPI_R_getcSPI@TempVar,?_SPI_R_getcSPI
   617  000216  6A10               	clrf	?_SPI_R_getcSPI+1,c
   618  000218  0012               	return		;funcret
   619  00021A                     __end_of_SPI_R_getcSPI:
   620                           	opt stack 0
   621                           tblptru	equ	0xFF8
   622                           status	equ	0xFD8
   623                           
   624 ;; *************** function _SPI_R_DataRdySPI *****************
   625 ;; Defined at:
   626 ;;		line 51 in file "../../../../_ELECTRONIC/inc/spi_r.c"
   627 ;; Parameters:    Size  Location     Type
   628 ;;		None
   629 ;; Auto vars:     Size  Location     Type
   630 ;;		None
   631 ;; Return value:  Size  Location     Type
   632 ;;                  2   14[COMRAM] int 
   633 ;; Registers used:
   634 ;;		wreg, status,2
   635 ;; Tracked objects:
   636 ;;		On entry : 0/0
   637 ;;		On exit  : 0/0
   638 ;;		Unchanged: 0/0
   639 ;; Data sizes:     COMRAM   BANK0   BANK1   BANK2   BANK3   BANK4   BANK5   BANK6   BANK7
   640 ;;      Params:         2       0       0       0       0       0       0       0       0
   641 ;;      Locals:         0       0       0       0       0       0       0       0       0
   642 ;;      Temps:          0       0       0       0       0       0       0       0       0
   643 ;;      Totals:         2       0       0       0       0       0       0       0       0
   644 ;;Total ram usage:        2 bytes
   645 ;; Hardware stack levels used:    1
   646 ;; Hardware stack levels required when called:    1
   647 ;; This function calls:
   648 ;;		Nothing
   649 ;; This function is called by:
   650 ;;		_APP_tick
   651 ;; This function uses a non-reentrant model
   652 ;;
   653                           
   654                           	psect	text6
   655  0001E2                     __ptext6:
   656                           	opt stack 0
   657  0001E2                     _SPI_R_DataRdySPI:
   658                           	opt stack 28
   659                           
   660                           ;spi_r.c: 52: if ( SSPSTATbits.BF )
   661                           
   662                           ;incstack = 0
   663  0001E2  A0C7               	btfss	4039,0,c	;volatile
   664  0001E4  D005               	goto	l1008
   665                           
   666                           ;spi_r.c: 53: return ( +1 );
   667  0001E6  0E00               	movlw	0
   668  0001E8  6E10               	movwf	?_SPI_R_DataRdySPI+1,c
   669  0001EA  0E01               	movlw	1
   670  0001EC  6E0F               	movwf	?_SPI_R_DataRdySPI,c
   671  0001EE  0012               	return	
   672  0001F0                     l1008:
   673                           
   674                           ;spi_r.c: 54: else
   675                           ;spi_r.c: 55: return ( 0 );
   676  0001F0  0E00               	movlw	0
   677  0001F2  6E10               	movwf	?_SPI_R_DataRdySPI+1,c
   678  0001F4  0E00               	movlw	0
   679  0001F6  6E0F               	movwf	?_SPI_R_DataRdySPI,c
   680  0001F8  0012               	return	
   681  0001FA                     __end_of_SPI_R_DataRdySPI:
   682                           	opt stack 0
   683                           tblptru	equ	0xFF8
   684                           status	equ	0xFD8
   685                           
   686 ;; *************** function _PWM_R_setPWM2 *****************
   687 ;; Defined at:
   688 ;;		line 11 in file "../../../../_ELECTRONIC/inc/pwm_r.c"
   689 ;; Parameters:    Size  Location     Type
   690 ;;  val             2   14[COMRAM] unsigned int 
   691 ;; Auto vars:     Size  Location     Type
   692 ;;		None
   693 ;; Return value:  Size  Location     Type
   694 ;;                  1    wreg      void 
   695 ;; Registers used:
   696 ;;		wreg, status,2, status,0
   697 ;; Tracked objects:
   698 ;;		On entry : 0/0
   699 ;;		On exit  : 0/0
   700 ;;		Unchanged: 0/0
   701 ;; Data sizes:     COMRAM   BANK0   BANK1   BANK2   BANK3   BANK4   BANK5   BANK6   BANK7
   702 ;;      Params:         2       0       0       0       0       0       0       0       0
   703 ;;      Locals:         0       0       0       0       0       0       0       0       0
   704 ;;      Temps:          1       0       0       0       0       0       0       0       0
   705 ;;      Totals:         3       0       0       0       0       0       0       0       0
   706 ;;Total ram usage:        3 bytes
   707 ;; Hardware stack levels used:    1
   708 ;; Hardware stack levels required when called:    1
   709 ;; This function calls:
   710 ;;		Nothing
   711 ;; This function is called by:
   712 ;;		_APP_tick
   713 ;;		_PWM_R_OpenPWM
   714 ;; This function uses a non-reentrant model
   715 ;;
   716                           
   717                           	psect	text7
   718  00011C                     __ptext7:
   719                           	opt stack 0
   720  00011C                     _PWM_R_setPWM2:
   721                           	opt stack 27
   722                           
   723                           ;pwm_r.c: 12: CCP2CONbits.DC2B0 = (val & 0x01); val >>= 1;
   724                           
   725                           ;incstack = 0
   726  00011C  C00F  F011         	movff	PWM_R_setPWM2@val,??_PWM_R_setPWM2
   727  000120  0E01               	movlw	1
   728  000122  1611               	andwf	??_PWM_R_setPWM2,f,c
   729  000124  3A11               	swapf	??_PWM_R_setPWM2,f,c
   730  000126  50BA               	movf	4026,w,c	;volatile
   731  000128  1811               	xorwf	??_PWM_R_setPWM2,w,c
   732  00012A  0BEF               	andlw	-17
   733  00012C  1811               	xorwf	??_PWM_R_setPWM2,w,c
   734  00012E  6EBA               	movwf	4026,c	;volatile
   735  000130  90D8               	bcf	status,0,c
   736  000132  3210               	rrcf	PWM_R_setPWM2@val+1,f,c
   737  000134  320F               	rrcf	PWM_R_setPWM2@val,f,c
   738                           
   739                           ;pwm_r.c: 13: CCP2CONbits.DC2B1 = (val & 0x01); val >>= 1;
   740  000136  C00F  F011         	movff	PWM_R_setPWM2@val,??_PWM_R_setPWM2
   741  00013A  0E01               	movlw	1
   742  00013C  1611               	andwf	??_PWM_R_setPWM2,f,c
   743  00013E  3A11               	swapf	??_PWM_R_setPWM2,f,c
   744  000140  4611               	rlncf	??_PWM_R_setPWM2,f,c
   745  000142  50BA               	movf	4026,w,c	;volatile
   746  000144  1811               	xorwf	??_PWM_R_setPWM2,w,c
   747  000146  0BDF               	andlw	-33
   748  000148  1811               	xorwf	??_PWM_R_setPWM2,w,c
   749  00014A  6EBA               	movwf	4026,c	;volatile
   750  00014C  90D8               	bcf	status,0,c
   751  00014E  3210               	rrcf	PWM_R_setPWM2@val+1,f,c
   752  000150  320F               	rrcf	PWM_R_setPWM2@val,f,c
   753                           
   754                           ;pwm_r.c: 14: CCPR2L = val;
   755  000152  C00F  FFBB         	movff	PWM_R_setPWM2@val,4027	;volatile
   756  000156  0012               	return		;funcret
   757  000158                     __end_of_PWM_R_setPWM2:
   758                           	opt stack 0
   759                           tblptru	equ	0xFF8
   760                           status	equ	0xFD8
   761                           
   762 ;; *************** function _PWM_R_setPWM1 *****************
   763 ;; Defined at:
   764 ;;		line 5 in file "../../../../_ELECTRONIC/inc/pwm_r.c"
   765 ;; Parameters:    Size  Location     Type
   766 ;;  val             2   14[COMRAM] unsigned int 
   767 ;; Auto vars:     Size  Location     Type
   768 ;;		None
   769 ;; Return value:  Size  Location     Type
   770 ;;                  1    wreg      void 
   771 ;; Registers used:
   772 ;;		wreg, status,2, status,0
   773 ;; Tracked objects:
   774 ;;		On entry : 0/0
   775 ;;		On exit  : 0/0
   776 ;;		Unchanged: 0/0
   777 ;; Data sizes:     COMRAM   BANK0   BANK1   BANK2   BANK3   BANK4   BANK5   BANK6   BANK7
   778 ;;      Params:         2       0       0       0       0       0       0       0       0
   779 ;;      Locals:         0       0       0       0       0       0       0       0       0
   780 ;;      Temps:          1       0       0       0       0       0       0       0       0
   781 ;;      Totals:         3       0       0       0       0       0       0       0       0
   782 ;;Total ram usage:        3 bytes
   783 ;; Hardware stack levels used:    1
   784 ;; Hardware stack levels required when called:    1
   785 ;; This function calls:
   786 ;;		Nothing
   787 ;; This function is called by:
   788 ;;		_APP_tick
   789 ;;		_PWM_R_OpenPWM
   790 ;; This function uses a non-reentrant model
   791 ;;
   792                           
   793                           	psect	text8
   794  000158                     __ptext8:
   795                           	opt stack 0
   796  000158                     _PWM_R_setPWM1:
   797                           	opt stack 27
   798                           
   799                           ;pwm_r.c: 6: CCP1CONbits.DC1B0 = (val & 0x01); val >>= 1;
   800                           
   801                           ;incstack = 0
   802  000158  C00F  F011         	movff	PWM_R_setPWM1@val,??_PWM_R_setPWM1
   803  00015C  0E01               	movlw	1
   804  00015E  1611               	andwf	??_PWM_R_setPWM1,f,c
   805  000160  3A11               	swapf	??_PWM_R_setPWM1,f,c
   806  000162  50BD               	movf	4029,w,c	;volatile
   807  000164  1811               	xorwf	??_PWM_R_setPWM1,w,c
   808  000166  0BEF               	andlw	-17
   809  000168  1811               	xorwf	??_PWM_R_setPWM1,w,c
   810  00016A  6EBD               	movwf	4029,c	;volatile
   811  00016C  90D8               	bcf	status,0,c
   812  00016E  3210               	rrcf	PWM_R_setPWM1@val+1,f,c
   813  000170  320F               	rrcf	PWM_R_setPWM1@val,f,c
   814                           
   815                           ;pwm_r.c: 7: CCP1CONbits.DC1B1 = (val & 0x01); val >>= 1;
   816  000172  C00F  F011         	movff	PWM_R_setPWM1@val,??_PWM_R_setPWM1
   817  000176  0E01               	movlw	1
   818  000178  1611               	andwf	??_PWM_R_setPWM1,f,c
   819  00017A  3A11               	swapf	??_PWM_R_setPWM1,f,c
   820  00017C  4611               	rlncf	??_PWM_R_setPWM1,f,c
   821  00017E  50BD               	movf	4029,w,c	;volatile
   822  000180  1811               	xorwf	??_PWM_R_setPWM1,w,c
   823  000182  0BDF               	andlw	-33
   824  000184  1811               	xorwf	??_PWM_R_setPWM1,w,c
   825  000186  6EBD               	movwf	4029,c	;volatile
   826  000188  90D8               	bcf	status,0,c
   827  00018A  3210               	rrcf	PWM_R_setPWM1@val+1,f,c
   828  00018C  320F               	rrcf	PWM_R_setPWM1@val,f,c
   829                           
   830                           ;pwm_r.c: 8: CCPR1L = val;
   831  00018E  C00F  FFBE         	movff	PWM_R_setPWM1@val,4030	;volatile
   832  000192  0012               	return		;funcret
   833  000194                     __end_of_PWM_R_setPWM1:
   834                           	opt stack 0
   835                           tblptru	equ	0xFF8
   836                           status	equ	0xFD8
   837                           
   838 ;; *************** function _SYS_InterruptHigh *****************
   839 ;; Defined at:
   840 ;;		line 80 in file "../src/slave1/system.c"
   841 ;; Parameters:    Size  Location     Type
   842 ;;		None
   843 ;; Auto vars:     Size  Location     Type
   844 ;;		None
   845 ;; Return value:  Size  Location     Type
   846 ;;                  1    wreg      void 
   847 ;; Registers used:
   848 ;;		None
   849 ;; Tracked objects:
   850 ;;		On entry : 0/0
   851 ;;		On exit  : 0/0
   852 ;;		Unchanged: 0/0
   853 ;; Data sizes:     COMRAM   BANK0   BANK1   BANK2   BANK3   BANK4   BANK5   BANK6   BANK7
   854 ;;      Params:         0       0       0       0       0       0       0       0       0
   855 ;;      Locals:         0       0       0       0       0       0       0       0       0
   856 ;;      Temps:         14       0       0       0       0       0       0       0       0
   857 ;;      Totals:        14       0       0       0       0       0       0       0       0
   858 ;;Total ram usage:       14 bytes
   859 ;; Hardware stack levels used:    1
   860 ;; This function calls:
   861 ;;		Nothing
   862 ;; This function is called by:
   863 ;;		Interrupt level 2
   864 ;; This function uses a non-reentrant model
   865 ;;
   866                           
   867                           	psect	intcode
   868  000008                     __pintcode:
   869                           	opt stack 0
   870  000008                     _SYS_InterruptHigh:
   871                           	opt stack 27
   872                           
   873                           ;incstack = 0
   874  000008  8214               	bsf	btemp,1,c	;set compiler interrupt flag (level 2)
   875  00000A  CFFA F001          	movff	pclath,??_SYS_InterruptHigh
   876  00000E  CFFB F002          	movff	pclatu,??_SYS_InterruptHigh+1
   877  000012  ED0D  F000         	call	int_func,f	;refresh shadow registers
   878                           pclatu	equ	0xFFB
   879                           pclath	equ	0xFFA
   880                           tblptru	equ	0xFF8
   881                           status	equ	0xFD8
   882                           
   883                           	psect	intcode_body
   884  00001A                     __pintcode_body:
   885                           	opt stack 27
   886  00001A                     int_func:
   887                           	opt stack 27
   888  00001A  0006               	pop		; remove dummy address from shadow register refresh
   889  00001C  CFE9 F003          	movff	fsr0l,??_SYS_InterruptHigh+2
   890  000020  CFEA F004          	movff	fsr0h,??_SYS_InterruptHigh+3
   891  000024  CFE1 F005          	movff	fsr1l,??_SYS_InterruptHigh+4
   892  000028  CFE2 F006          	movff	fsr1h,??_SYS_InterruptHigh+5
   893  00002C  CFD9 F007          	movff	fsr2l,??_SYS_InterruptHigh+6
   894  000030  CFDA F008          	movff	fsr2h,??_SYS_InterruptHigh+7
   895  000034  CFF3 F009          	movff	prodl,??_SYS_InterruptHigh+8
   896  000038  CFF4 F00A          	movff	prodh,??_SYS_InterruptHigh+9
   897  00003C  CFF6 F00B          	movff	tblptrl,??_SYS_InterruptHigh+10
   898  000040  CFF7 F00C          	movff	tblptrh,??_SYS_InterruptHigh+11
   899  000044  CFF8 F00D          	movff	tblptru,??_SYS_InterruptHigh+12
   900  000048  CFF5 F00E          	movff	tablat,??_SYS_InterruptHigh+13
   901  00004C  C00E  FFF5         	movff	??_SYS_InterruptHigh+13,tablat
   902  000050  C00D  FFF8         	movff	??_SYS_InterruptHigh+12,tblptru
   903  000054  C00C  FFF7         	movff	??_SYS_InterruptHigh+11,tblptrh
   904  000058  C00B  FFF6         	movff	??_SYS_InterruptHigh+10,tblptrl
   905  00005C  C00A  FFF4         	movff	??_SYS_InterruptHigh+9,prodh
   906  000060  C009  FFF3         	movff	??_SYS_InterruptHigh+8,prodl
   907  000064  C008  FFDA         	movff	??_SYS_InterruptHigh+7,fsr2h
   908  000068  C007  FFD9         	movff	??_SYS_InterruptHigh+6,fsr2l
   909  00006C  C006  FFE2         	movff	??_SYS_InterruptHigh+5,fsr1h
   910  000070  C005  FFE1         	movff	??_SYS_InterruptHigh+4,fsr1l
   911  000074  C004  FFEA         	movff	??_SYS_InterruptHigh+3,fsr0h
   912  000078  C003  FFE9         	movff	??_SYS_InterruptHigh+2,fsr0l
   913  00007C  C002  FFFB         	movff	??_SYS_InterruptHigh+1,pclatu
   914  000080  C001  FFFA         	movff	??_SYS_InterruptHigh,pclath
   915  000084  9214               	bcf	btemp,1,c	;clear compiler interrupt flag (level 2)
   916  000086  0011               	retfie		f
   917  000088                     __end_of_SYS_InterruptHigh:
   918                           	opt stack 0
   919  0000                     pclatu	equ	0xFFB
   920                           pclath	equ	0xFFA
   921                           tblptru	equ	0xFF8
   922                           tblptrh	equ	0xFF7
   923                           tblptrl	equ	0xFF6
   924                           tablat	equ	0xFF5
   925                           prodh	equ	0xFF4
   926                           prodl	equ	0xFF3
   927                           fsr0h	equ	0xFEA
   928                           fsr0l	equ	0xFE9
   929                           fsr1h	equ	0xFE2
   930                           fsr1l	equ	0xFE1
   931                           fsr2h	equ	0xFDA
   932                           fsr2l	equ	0xFD9
   933                           status	equ	0xFD8
   934                           pclatu	equ	0xFFB
   935                           pclath	equ	0xFFA
   936                           tblptru	equ	0xFF8
   937                           tblptrh	equ	0xFF7
   938                           tblptrl	equ	0xFF6
   939                           tablat	equ	0xFF5
   940                           prodh	equ	0xFF4
   941                           prodl	equ	0xFF3
   942                           fsr0h	equ	0xFEA
   943                           fsr0l	equ	0xFE9
   944                           fsr1h	equ	0xFE2
   945                           fsr1l	equ	0xFE1
   946                           fsr2h	equ	0xFDA
   947                           fsr2l	equ	0xFD9
   948                           status	equ	0xFD8
   949                           
   950                           	psect	rparam
   951  0000                     pclatu	equ	0xFFB
   952                           pclath	equ	0xFFA
   953                           tblptru	equ	0xFF8
   954                           tblptrh	equ	0xFF7
   955                           tblptrl	equ	0xFF6
   956                           tablat	equ	0xFF5
   957                           prodh	equ	0xFF4
   958                           prodl	equ	0xFF3
   959                           fsr0h	equ	0xFEA
   960                           fsr0l	equ	0xFE9
   961                           fsr1h	equ	0xFE2
   962                           fsr1l	equ	0xFE1
   963                           fsr2h	equ	0xFDA
   964                           fsr2l	equ	0xFD9
   965                           status	equ	0xFD8
   966                           
   967                           	psect	temp
   968  000014                     btemp:
   969                           	opt stack 0
   970  000014                     	ds	1
   971  0000                     int$flags	set	btemp
   972                           pclatu	equ	0xFFB
   973                           pclath	equ	0xFFA
   974                           tblptru	equ	0xFF8
   975                           tblptrh	equ	0xFF7
   976                           tblptrl	equ	0xFF6
   977                           tablat	equ	0xFF5
   978                           prodh	equ	0xFF4
   979                           prodl	equ	0xFF3
   980                           fsr0h	equ	0xFEA
   981                           fsr0l	equ	0xFE9
   982                           fsr1h	equ	0xFE2
   983                           fsr1l	equ	0xFE1
   984                           fsr2h	equ	0xFDA
   985                           fsr2l	equ	0xFD9
   986                           status	equ	0xFD8


Data Sizes:
    Strings     0
    Constant    0
    Data        0
    BSS         2
    Persistent  0
    Stack       0

Auto Spaces:
    Space          Size  Autos    Used
    COMRAM           94     17      19
    BANK0           160      0       0
    BANK1           256      0       0
    BANK2           256      0       0
    BANK3           256      0       0
    BANK4           256      0       0
    BANK5           256      0       0
    BANK6           256      0       0
    BANK7           256      0       0

Pointer List with Targets:

    None.

Critical Paths under _main in COMRAM

    _SYSTEM_Initialize->_SPI_R_OpenSPI
    _PWM_R_OpenPWM->_PWM_R_setPWM1
    _PWM_R_OpenPWM->_PWM_R_setPWM2
    _APP_tick->_PWM_R_setPWM1
    _APP_tick->_PWM_R_setPWM2
    _APP_tick->_SPI_R_getcSPI

Critical Paths under _SYS_InterruptHigh in COMRAM

    None.

Critical Paths under _main in BANK0

    None.

Critical Paths under _SYS_InterruptHigh in BANK0

    None.

Critical Paths under _main in BANK1

    None.

Critical Paths under _SYS_InterruptHigh in BANK1

    None.

Critical Paths under _main in BANK2

    None.

Critical Paths under _SYS_InterruptHigh in BANK2

    None.

Critical Paths under _main in BANK3

    None.

Critical Paths under _SYS_InterruptHigh in BANK3

    None.

Critical Paths under _main in BANK4

    None.

Critical Paths under _SYS_InterruptHigh in BANK4

    None.

Critical Paths under _main in BANK5

    None.

Critical Paths under _SYS_InterruptHigh in BANK5

    None.

Critical Paths under _main in BANK6

    None.

Critical Paths under _SYS_InterruptHigh in BANK6

    None.

Critical Paths under _main in BANK7

    None.

Critical Paths under _SYS_InterruptHigh in BANK7

    None.

Call Graph Tables:

 ---------------------------------------------------------------------------------
 (Depth) Function   	        Calls       Base Space   Used Autos Params    Refs
 ---------------------------------------------------------------------------------
 (0) _main                                                 0     0      0     813
                           _APP_tick
                  _SYSTEM_Initialize
 ---------------------------------------------------------------------------------
 (1) _SYSTEM_Initialize                                    0     0      0     482
                      _PWM_R_OpenPWM
                      _SPI_R_OpenSPI
 ---------------------------------------------------------------------------------
 (2) _SPI_R_OpenSPI                                        3     1      2     174
                                             14 COMRAM     3     1      2
 ---------------------------------------------------------------------------------
 (2) _PWM_R_OpenPWM                                        0     0      0     308
                      _PWM_R_setPWM1
                      _PWM_R_setPWM2
 ---------------------------------------------------------------------------------
 (1) _APP_tick                                             0     0      0     331
                      _PWM_R_setPWM1
                      _PWM_R_setPWM2
                   _SPI_R_DataRdySPI
                      _SPI_R_getcSPI
 ---------------------------------------------------------------------------------
 (2) _SPI_R_getcSPI                                        3     1      2      23
                                             14 COMRAM     3     1      2
 ---------------------------------------------------------------------------------
 (2) _SPI_R_DataRdySPI                                     2     0      2       0
                                             14 COMRAM     2     0      2
 ---------------------------------------------------------------------------------
 (3) _PWM_R_setPWM2                                        3     1      2     154
                                             14 COMRAM     3     1      2
 ---------------------------------------------------------------------------------
 (3) _PWM_R_setPWM1                                        3     1      2     154
                                             14 COMRAM     3     1      2
 ---------------------------------------------------------------------------------
 Estimated maximum stack depth 3
 ---------------------------------------------------------------------------------
 (Depth) Function   	        Calls       Base Space   Used Autos Params    Refs
 ---------------------------------------------------------------------------------
 (4) _SYS_InterruptHigh                                   14    14      0       0
                                              0 COMRAM    14    14      0
 ---------------------------------------------------------------------------------
 Estimated maximum stack depth 4
 ---------------------------------------------------------------------------------

 Call Graph Graphs:

 _main (ROOT)
   _APP_tick
     _PWM_R_setPWM1
     _PWM_R_setPWM2
     _SPI_R_DataRdySPI
     _SPI_R_getcSPI
   _SYSTEM_Initialize
     _PWM_R_OpenPWM
       _PWM_R_setPWM1
       _PWM_R_setPWM2
     _SPI_R_OpenSPI

 _SYS_InterruptHigh (ROOT)

 Address spaces:
Name               Size   Autos  Total    Cost      Usage
BIGRAM             7FF      0       0      21        0.0%
EEDATA             100      0       0       0        0.0%
BITBANK7           100      0       0      18        0.0%
BANK7              100      0       0      19        0.0%
BITBANK6           100      0       0      16        0.0%
BANK6              100      0       0      17        0.0%
BITBANK5           100      0       0      14        0.0%
BANK5              100      0       0      15        0.0%
BITBANK4           100      0       0      12        0.0%
BANK4              100      0       0      13        0.0%
BITBANK3           100      0       0      10        0.0%
BANK3              100      0       0      11        0.0%
BITBANK2           100      0       0       8        0.0%
BANK2              100      0       0       9        0.0%
BITBANK1           100      0       0       6        0.0%
BANK1              100      0       0       7        0.0%
BITBANK0            A0      0       0       4        0.0%
BANK0               A0      0       0       5        0.0%
BITCOMRAM           5E      0       0       0        0.0%
COMRAM              5E     11      13       1       20.2%
BITSFR               0      0       0      40        0.0%
SFR                  0      0       0      40        0.0%
STACK                0      0       0       2        0.0%
NULL                 0      0       0       0        0.0%
ABS                  0      0      13      20        0.0%
DATA                 0      0      13       3        0.0%
CODE                 0      0       0       0        0.0%


Microchip Technology PIC18 Macro Assembler V1.36 build -262312587 
Symbol Table                                                                                   Sun Mar 06 04:22:38 2016

                         l7 021E                 _SSPSTATbits 000FC7      __size_of_PWM_R_setPWM1 003C  
    __size_of_PWM_R_setPWM2 003C                 __CFG_BOR$ON 000000                 __CFG_BORV$3 000000  
        __CFG_FOSC$XTPLL_XT 000000                __CFG_CP0$OFF 000000                __CFG_CP1$OFF 000000  
                       l160 00D6                         l161 00BE                         l153 009C  
                       l162 00C2                         l155 00A0                         l156 00A2  
                       l159 00BC                         l970 00A6                         l974 00C6  
              __CFG_CPB$OFF 000000                         _PR2 000FCB                __CFG_LVP$OFF 000000  
            ?_SPI_R_OpenSPI 000F                __CFG_WDT$OFF 000000                        l1030 00F2  
                      l1008 01F0                        l1026 00DE                        _LATA 000F89  
                      _LATB 000F8A        SPI_R_getcSPI@TempVar 0011                        _cArr 0012  
                      _main 021A                        fsr0h 000FEA                        fsr1h 000FE2  
                      fsr0l 000FE9                        fsr2h 000FDA                        fsr1l 000FE1  
                      fsr2l 000FD9                        btemp 0014                        pclat 000FFA  
                      prodh 000FF4                        prodl 000FF3                        start 0016  
             __CFG_IESO$OFF 000000              ?_SPI_R_getcSPI 000F               __CFG_MCLRE$ON 000000  
              ___param_bank 000010               _PWM_R_OpenPWM 0194               __CFG_PLLDIV$1 000000  
          __end_of_APP_tick 011C                       ?_main 0001               __CFG_USBDIV$2 000000  
                     _TRISA 000F92                       _TRISB 000F93               __CFG_PWRT$OFF 000000  
             __CFG_WRT0$OFF 000000               __CFG_WRT1$OFF 000000              __CFG_EBTR0$OFF 000000  
            __CFG_FCMEN$OFF 000000              __CFG_EBTR1$OFF 000000               __CFG_WRTB$OFF 000000  
             __CFG_WRTC$OFF 000000              __CFG_EBTRB$OFF 000000               _PWM_R_setPWM1 0158  
             _PWM_R_setPWM2 011C                       tablat 000FF5                       status 000FD8  
           __initialization 01FA                __end_of_main 0224              ?_PWM_R_OpenPWM 0001  
                    ??_main 0012               __activetblptr 000002             ??_SPI_R_OpenSPI 0011  
                    _ADCON0 000FC2                      _ADCON2 000FC0                      _CCP1M2 007DEA  
                    _CCP1M3 007DEB                      _CCP2M2 007DD2                      _CCP2M3 007DD3  
            ?_PWM_R_setPWM1 000F              ?_PWM_R_setPWM2 000F                      _ADRESH 000FC4  
                    _ADRESL 000FC3                      _CCPR1L 000FBE                      _CCPR2L 000FBB  
         ?_SPI_R_DataRdySPI 000F                      _TMR2ON 007E52                      _SSPBUF 000FC9  
           ??_SPI_R_getcSPI 0011              __CFG_VREGEN$ON 000000          ??_SPI_R_DataRdySPI 0011  
            __CFG_XINST$OFF 000000              __CFG_STVREN$ON 000000                      tblptrh 000FF7  
                    tblptrl 000FF6                      tblptru 000FF8           _SYSTEM_Initialize 01C2  
                __accesstop 0060     __end_of__initialization 01FE             __CFG_PBADEN$OFF 000000  
                 ?_APP_tick 0001          ?_SYSTEM_Initialize 0001               ___rparam_used 000001  
           ??_PWM_R_OpenPWM 0012              __pcstackCOMRAM 0001         ??_SYSTEM_Initialize 0012  
           ??_PWM_R_setPWM1 0011             ??_PWM_R_setPWM2 0011   __end_of_SYSTEM_Initialize 01E2  
                ??_APP_tick 0012                     _T2CKPS0 007E50                     _T2CKPS1 007E51  
                   _SSPCON1 000FC6                     _SSPSTAT 000FC7                     __Hparam 0000  
                   __Lparam 0000                     __pcinit 01FA                     __ramtop 0800  
                   __ptext0 021A                     __ptext1 01C2                     __ptext2 0088  
                   __ptext3 0194                     __ptext4 00DE                     __ptext5 020C  
                   __ptext6 01E2                     __ptext7 011C                     __ptext8 0158  
__size_of_SYSTEM_Initialize 0020              __pintcode_body 001A        end_of_initialization 01FE  
             __Lmediumconst 0000                     int_func 001A   __size_of_SPI_R_DataRdySPI 0018  
                 _TRISAbits 000F92                   _TRISBbits 000F93                   _TRISCbits 000F94  
     __end_of_SPI_R_OpenSPI 00DE                 _CCP1CONbits 000FBD                 _CCP2CONbits 000FBA  
     __end_of_SPI_R_getcSPI 021A           __size_of_APP_tick 003E         start_initialization 01FA  
     __end_of_PWM_R_OpenPWM 01C2            __CFG_LPT1OSC$OFF 000000                 __pbssCOMRAM 0012  
     __end_of_PWM_R_setPWM1 0194       __end_of_PWM_R_setPWM2 0158                   __pintcode 0008  
          _SPI_R_DataRdySPI 01E2      SPI_R_OpenSPI@smp_phase 0010                    _APP_tick 00DE  
                  _PIR1bits 000F9E      SPI_R_OpenSPI@sync_mode 0011            __CFG_WDTPS$32768 000000  
                _ADCON0bits 000FC2                  _ADCON1bits 000FC1                  _ADCON2bits 000FC0  
         _SYS_InterruptHigh 0008          ?_SYS_InterruptHigh 0001         ??_SYS_InterruptHigh 0001  
                  __Hrparam 0000                    __Lrparam 0000   __end_of_SYS_InterruptHigh 0088  
     SPI_R_OpenSPI@bus_mode 000F               __size_of_main 000A                    int$flags 0014  
    __size_of_SPI_R_OpenSPI 0056       __CFG_CPUDIV$OSC1_PLL2 000000      __size_of_SPI_R_getcSPI 000E  
                  intlevel2 0000    __end_of_SPI_R_DataRdySPI 01FA            PWM_R_setPWM1@val 000F  
          PWM_R_setPWM2@val 000F  __size_of_SYS_InterruptHigh 0080                 _SSPCON1bits 000FC6  
             _SPI_R_OpenSPI 0088      __size_of_PWM_R_OpenPWM 002E               _SPI_R_getcSPI 020C  
