

Microchip Technology PIC18 LITE Macro Assembler V1.36 build -262312587 
                                                                                               Sat Mar 05 18:58:38 2016

Microchip Technology Omniscient Code Generator v1.36 (Free mode) build 201601150325
     1                           	processor	18F2550
     2                           	fnconf	rparam,??,?,0
     3                           	opt	pw 120
     4                           	opt	lm
     5                           	psect	cinit,global,reloc=2,class=CODE,delta=1
     6                           	psect	bssCOMRAM,global,class=COMRAM,space=1,delta=1
     7                           	psect	cstackCOMRAM,global,class=COMRAM,space=1,delta=1
     8                           	psect	text0,global,reloc=2,class=CODE,delta=1
     9                           	psect	text1,global,reloc=2,class=CODE,delta=1
    10                           	psect	text2,global,reloc=2,class=CODE,delta=1
    11                           	psect	text3,global,reloc=2,class=CODE,delta=1
    12                           	psect	text4,global,reloc=2,class=CODE,delta=1
    13                           	psect	text5,global,reloc=2,class=CODE,delta=1
    14                           	psect	text6,global,reloc=2,class=CODE,delta=1
    15                           	psect	text7,global,reloc=2,class=CODE,delta=1
    16                           	psect	text8,global,reloc=2,class=CODE,delta=1
    17                           	psect	intcode,global,reloc=2,class=CODE,delta=1
    18                           	psect	intcode_body,global,reloc=2,class=CODE,delta=1
    19                           	psect	intsave_regs,global,class=BIGRAM,space=1,delta=1
    20                           	psect	rparam,global,class=COMRAM,space=1,delta=1
    21                           	psect	temp,global,ovrld,common,class=COMRAM,space=1,delta=1
    22  0000                     _ADCON0	set	4034
    23  0000                     _ADCON0bits	set	4034
    24  0000                     _ADCON1bits	set	4033
    25  0000                     _ADCON2	set	4032
    26  0000                     _ADCON2bits	set	4032
    27  0000                     _ADRESH	set	4036
    28  0000                     _ADRESL	set	4035
    29  0000                     _CCP1CONbits	set	4029
    30  0000                     _CCP2CONbits	set	4026
    31  0000                     _CCPR1L	set	4030
    32  0000                     _CCPR2L	set	4027
    33  0000                     _LATA	set	3977
    34  0000                     _LATB	set	3978
    35  0000                     _PIR1bits	set	3998
    36  0000                     _PR2	set	4043
    37  0000                     _SSPBUF	set	4041
    38  0000                     _SSPCON1	set	4038
    39  0000                     _SSPCON1bits	set	4038
    40  0000                     _SSPSTAT	set	4039
    41  0000                     _SSPSTATbits	set	4039
    42  0000                     _TRISA	set	3986
    43  0000                     _TRISAbits	set	3986
    44  0000                     _TRISB	set	3987
    45  0000                     _TRISBbits	set	3987
    46  0000                     _TRISCbits	set	3988
    47  0000                     _CCP1M2	set	32234
    48  0000                     _CCP1M3	set	32235
    49  0000                     _CCP2M2	set	32210
    50  0000                     _CCP2M3	set	32211
    51  0000                     _T2CKPS0	set	32336
    52  0000                     _T2CKPS1	set	32337
    53  0000                     _TMR2ON	set	32338
    54                           
    55                           ; #config settings
    56  0000                     
    57                           	psect	cinit
    58  00020A                     __pcinit:
    59                           	opt stack 0
    60  00020A                     start_initialization:
    61                           	opt stack 0
    62  00020A                     __initialization:
    63                           	opt stack 0
    64                           
    65                           ; Clear objects allocated to COMRAM (2 bytes)
    66  00020A  6A17               	clrf	(__pbssCOMRAM+1)& (0+255),c
    67  00020C  6A16               	clrf	__pbssCOMRAM& (0+255),c
    68  00020E                     end_of_initialization:
    69                           	opt stack 0
    70  00020E                     __end_of__initialization:
    71                           	opt stack 0
    72  00020E  9018               	bcf	int$flags,0,c	;clear compiler interrupt flag (level 1)
    73  000210  9218               	bcf	int$flags,1,c	;clear compiler interrupt flag (level 2)
    74  000212  0E00               	movlw	low (__Lmediumconst shr (0+16))
    75  000214  6EF8               	movwf	tblptru,c
    76  000216  0100               	movlb	0
    77  000218  EF15  F001         	goto	_main	;jump to C main() function
    78                           tblptru	equ	0xFF8
    79                           
    80                           	psect	bssCOMRAM
    81  000016                     __pbssCOMRAM:
    82                           	opt stack 0
    83  000016                     _cArr:
    84                           	opt stack 0
    85  000016                     	ds	2
    86                           tblptru	equ	0xFF8
    87                           
    88                           	psect	cstackCOMRAM
    89  000001                     __pcstackCOMRAM:
    90                           	opt stack 0
    91  000001                     ??_SYS_InterruptHigh:
    92                           
    93                           ; 1 bytes @ 0x0
    94  000001                     	ds	14
    95  00000F                     ?_SPI_R_DataRdySPI:
    96                           	opt stack 0
    97  00000F                     ?_SPI_R_getcSPI:
    98                           	opt stack 0
    99  00000F                     SPI_R_OpenSPI@bus_mode:
   100                           	opt stack 0
   101  00000F                     PWM_R_setPWM1@val:
   102                           	opt stack 0
   103  00000F                     PWM_R_setPWM2@val:
   104                           	opt stack 0
   105                           
   106                           ; 2 bytes @ 0xE
   107  00000F                     	ds	1
   108  000010                     SPI_R_OpenSPI@smp_phase:
   109                           	opt stack 0
   110                           
   111                           ; 1 bytes @ 0xF
   112  000010                     	ds	1
   113  000011                     ??_PWM_R_setPWM1:
   114  000011                     ??_PWM_R_setPWM2:
   115  000011                     SPI_R_OpenSPI@sync_mode:
   116                           	opt stack 0
   117  000011                     SPI_R_getcSPI@TempVar:
   118                           	opt stack 0
   119                           
   120                           ; 1 bytes @ 0x10
   121  000011                     	ds	1
   122  000012                     APP_tick@p1:
   123                           	opt stack 0
   124                           
   125                           ; 2 bytes @ 0x11
   126  000012                     	ds	2
   127  000014                     APP_tick@p2:
   128                           	opt stack 0
   129                           
   130                           ; 2 bytes @ 0x13
   131  000014                     	ds	2
   132  000016                     tblptru	equ	0xFF8
   133                           
   134                           ; 1 bytes @ 0x15
   135 ;;
   136 ;;Main: autosize = 0, tempsize = 0, incstack = 0, save=0
   137 ;;
   138 ;; *************** function _main *****************
   139 ;; Defined at:
   140 ;;		line 5 in file "../src/slave1/main.c"
   141 ;; Parameters:    Size  Location     Type
   142 ;;		None
   143 ;; Auto vars:     Size  Location     Type
   144 ;;		None
   145 ;; Return value:  Size  Location     Type
   146 ;;                  1    wreg      void 
   147 ;; Registers used:
   148 ;;		wreg, status,2, status,0, cstack
   149 ;; Tracked objects:
   150 ;;		On entry : 0/0
   151 ;;		On exit  : 0/0
   152 ;;		Unchanged: 0/0
   153 ;; Data sizes:     COMRAM   BANK0   BANK1   BANK2   BANK3   BANK4   BANK5   BANK6   BANK7
   154 ;;      Params:         0       0       0       0       0       0       0       0       0
   155 ;;      Locals:         0       0       0       0       0       0       0       0       0
   156 ;;      Temps:          0       0       0       0       0       0       0       0       0
   157 ;;      Totals:         0       0       0       0       0       0       0       0       0
   158 ;;Total ram usage:        0 bytes
   159 ;; Hardware stack levels required when called:    4
   160 ;; This function calls:
   161 ;;		_APP_tick
   162 ;;		_SYSTEM_Initialize
   163 ;; This function is called by:
   164 ;;		Startup code after reset
   165 ;; This function uses a non-reentrant model
   166 ;;
   167                           
   168                           	psect	text0
   169  00022A                     __ptext0:
   170                           	opt stack 0
   171  00022A                     _main:
   172                           	opt stack 27
   173                           
   174                           ;main.c: 6: SYSTEM_Initialize();
   175                           
   176                           ;incstack = 0
   177  00022A  ECE9  F000         	call	_SYSTEM_Initialize	;wreg free
   178  00022E                     l7:
   179                           
   180                           ;main.c: 9: ;
   181                           ;main.c: 11: APP_tick();
   182  00022E  EC6F  F000         	call	_APP_tick	;wreg free
   183  000232  D7FD               	goto	l7
   184  000234                     __end_of_main:
   185                           	opt stack 0
   186                           tblptru	equ	0xFF8
   187                           
   188 ;; *************** function _SYSTEM_Initialize *****************
   189 ;; Defined at:
   190 ;;		line 57 in file "../src/slave1/system.c"
   191 ;; Parameters:    Size  Location     Type
   192 ;;		None
   193 ;; Auto vars:     Size  Location     Type
   194 ;;		None
   195 ;; Return value:  Size  Location     Type
   196 ;;                  1    wreg      void 
   197 ;; Registers used:
   198 ;;		wreg, status,2, status,0, cstack
   199 ;; Tracked objects:
   200 ;;		On entry : 0/0
   201 ;;		On exit  : 0/0
   202 ;;		Unchanged: 0/0
   203 ;; Data sizes:     COMRAM   BANK0   BANK1   BANK2   BANK3   BANK4   BANK5   BANK6   BANK7
   204 ;;      Params:         0       0       0       0       0       0       0       0       0
   205 ;;      Locals:         0       0       0       0       0       0       0       0       0
   206 ;;      Temps:          0       0       0       0       0       0       0       0       0
   207 ;;      Totals:         0       0       0       0       0       0       0       0       0
   208 ;;Total ram usage:        0 bytes
   209 ;; Hardware stack levels used:    1
   210 ;; Hardware stack levels required when called:    3
   211 ;; This function calls:
   212 ;;		_PWM_R_OpenPWM
   213 ;;		_SPI_R_OpenSPI
   214 ;; This function is called by:
   215 ;;		_main
   216 ;; This function uses a non-reentrant model
   217 ;;
   218                           
   219                           	psect	text1
   220  0001D2                     __ptext1:
   221                           	opt stack 0
   222  0001D2                     _SYSTEM_Initialize:
   223                           	opt stack 27
   224                           
   225                           ;system.c: 58: TRISA = 0xFF;
   226                           
   227                           ;incstack = 0
   228  0001D2  6892               	setf	3986,c	;volatile
   229                           
   230                           ;system.c: 59: LATA = 0x00;
   231  0001D4  0E00               	movlw	0
   232  0001D6  6E89               	movwf	3977,c	;volatile
   233                           
   234                           ;system.c: 61: TRISB = 0xFF;
   235  0001D8  6893               	setf	3987,c	;volatile
   236                           
   237                           ;system.c: 62: LATB = 0x00;
   238  0001DA  0E00               	movlw	0
   239  0001DC  6E8A               	movwf	3978,c	;volatile
   240                           
   241                           ;system.c: 68: SPI_R_OpenSPI(0b00000101, 0b00000010, 0b00000000);
   242  0001DE  0E02               	movlw	2
   243  0001E0  6E0F               	movwf	SPI_R_OpenSPI@bus_mode,c
   244  0001E2  0E00               	movlw	0
   245  0001E4  6E10               	movwf	SPI_R_OpenSPI@smp_phase,c
   246  0001E6  0E05               	movlw	5
   247  0001E8  EC44  F000         	call	_SPI_R_OpenSPI
   248                           
   249                           ;system.c: 74: PWM_R_OpenPWM();
   250  0001EC  ECD2  F000         	call	_PWM_R_OpenPWM	;wreg free
   251  0001F0  0012               	return		;funcret
   252  0001F2                     __end_of_SYSTEM_Initialize:
   253                           	opt stack 0
   254                           tblptru	equ	0xFF8
   255                           
   256 ;; *************** function _SPI_R_OpenSPI *****************
   257 ;; Defined at:
   258 ;;		line 3 in file "../../../../_ELECTRONIC/inc/spi_r.c"
   259 ;; Parameters:    Size  Location     Type
   260 ;;  sync_mode       1    wreg     unsigned char 
   261 ;;  bus_mode        1   14[COMRAM] unsigned char 
   262 ;;  smp_phase       1   15[COMRAM] unsigned char 
   263 ;; Auto vars:     Size  Location     Type
   264 ;;  sync_mode       1   16[COMRAM] unsigned char 
   265 ;; Return value:  Size  Location     Type
   266 ;;                  1    wreg      void 
   267 ;; Registers used:
   268 ;;		wreg, status,2, status,0
   269 ;; Tracked objects:
   270 ;;		On entry : 0/0
   271 ;;		On exit  : 0/0
   272 ;;		Unchanged: 0/0
   273 ;; Data sizes:     COMRAM   BANK0   BANK1   BANK2   BANK3   BANK4   BANK5   BANK6   BANK7
   274 ;;      Params:         2       0       0       0       0       0       0       0       0
   275 ;;      Locals:         1       0       0       0       0       0       0       0       0
   276 ;;      Temps:          0       0       0       0       0       0       0       0       0
   277 ;;      Totals:         3       0       0       0       0       0       0       0       0
   278 ;;Total ram usage:        3 bytes
   279 ;; Hardware stack levels used:    1
   280 ;; Hardware stack levels required when called:    1
   281 ;; This function calls:
   282 ;;		Nothing
   283 ;; This function is called by:
   284 ;;		_SYSTEM_Initialize
   285 ;; This function uses a non-reentrant model
   286 ;;
   287                           
   288                           	psect	text2
   289  000088                     __ptext2:
   290                           	opt stack 0
   291  000088                     _SPI_R_OpenSPI:
   292                           	opt stack 28
   293                           
   294                           ;incstack = 0
   295                           ;SPI_R_OpenSPI@sync_mode stored from wreg
   296  000088  6E11               	movwf	SPI_R_OpenSPI@sync_mode,c
   297                           
   298                           ;spi_r.c: 4: SSPSTAT &= 0x3F;
   299  00008A  0E3F               	movlw	63
   300  00008C  16C7               	andwf	4039,f,c	;volatile
   301                           
   302                           ;spi_r.c: 5: SSPCON1 = 0x00;
   303  00008E  0E00               	movlw	0
   304  000090  6EC6               	movwf	4038,c	;volatile
   305                           
   306                           ;spi_r.c: 6: SSPCON1 |= sync_mode;
   307  000092  5011               	movf	SPI_R_OpenSPI@sync_mode,w,c
   308  000094  12C6               	iorwf	4038,f,c	;volatile
   309                           
   310                           ;spi_r.c: 7: SSPSTAT |= smp_phase;
   311  000096  5010               	movf	SPI_R_OpenSPI@smp_phase,w,c
   312  000098  12C7               	iorwf	4039,f,c	;volatile
   313                           
   314                           ;spi_r.c: 9: switch( bus_mode ) {
   315  00009A  D005               	goto	l972
   316  00009C                     l151:
   317                           
   318                           ;spi_r.c: 11: SSPSTATbits.CKE = 1;
   319  00009C  8CC7               	bsf	4039,6,c	;volatile
   320                           
   321                           ;spi_r.c: 12: break;
   322  00009E  D013               	goto	l976
   323  0000A0                     l153:
   324                           
   325                           ;spi_r.c: 14: SSPSTATbits.CKE = 1;
   326  0000A0  8CC7               	bsf	4039,6,c	;volatile
   327  0000A2                     l154:
   328                           
   329                           ;spi_r.c: 18: SSPCON1bits.CKP = 1;
   330  0000A2  88C6               	bsf	4038,4,c	;volatile
   331                           
   332                           ;spi_r.c: 22: }
   333                           
   334                           ;spi_r.c: 21: break;
   335                           
   336                           ;spi_r.c: 20: default:
   337                           
   338                           ;spi_r.c: 19: break;
   339  0000A4  D010               	goto	l976
   340  0000A6                     l972:
   341  0000A6  500F               	movf	SPI_R_OpenSPI@bus_mode,w,c
   342                           
   343                           ; Switch size 1, requested type "space"
   344                           ; Number of cases is 3, Range of values is 0 to 3
   345                           ; switch strategies available:
   346                           ; Name         Instructions Cycles
   347                           ; simple_byte           10     6 (average)
   348                           ;	Chosen strategy is simple_byte
   349  0000A8  0A00               	xorlw	0	; case 0
   350  0000AA  B4D8               	btfsc	status,2,c
   351  0000AC  D7F7               	goto	l151
   352  0000AE  0A02               	xorlw	2	; case 2
   353  0000B0  B4D8               	btfsc	status,2,c
   354  0000B2  D7F6               	goto	l153
   355  0000B4  0A01               	xorlw	1	; case 3
   356  0000B6  B4D8               	btfsc	status,2,c
   357  0000B8  D7F4               	goto	l154
   358                           
   359                           ;spi_r.c: 24: switch( sync_mode ) {
   360  0000BA  D005               	goto	l976
   361  0000BC                     l157:
   362                           
   363                           ;spi_r.c: 26: TRISAbits.TRISA5 = 1;
   364  0000BC  8A92               	bsf	3986,5,c	;volatile
   365  0000BE                     l159:
   366                           
   367                           ;spi_r.c: 31: TRISBbits.TRISB1 = 1;
   368  0000BE  8293               	bsf	3987,1,c	;volatile
   369                           
   370                           ;spi_r.c: 32: break;
   371  0000C0  D00A               	goto	l158
   372  0000C2                     l160:
   373                           
   374                           ;spi_r.c: 35: TRISBbits.TRISB1 = 0;
   375  0000C2  9293               	bcf	3987,1,c	;volatile
   376                           
   377                           ;spi_r.c: 37: }
   378                           
   379                           ;spi_r.c: 36: break;
   380  0000C4  D008               	goto	l158
   381  0000C6                     l976:
   382  0000C6  5011               	movf	SPI_R_OpenSPI@sync_mode,w,c
   383                           
   384                           ; Switch size 1, requested type "space"
   385                           ; Number of cases is 2, Range of values is 4 to 5
   386                           ; switch strategies available:
   387                           ; Name         Instructions Cycles
   388                           ; simple_byte            7     4 (average)
   389                           ;	Chosen strategy is simple_byte
   390  0000C8  0A04               	xorlw	4	; case 4
   391  0000CA  B4D8               	btfsc	status,2,c
   392  0000CC  D7F7               	goto	l157
   393  0000CE  0A01               	xorlw	1	; case 5
   394  0000D0  B4D8               	btfsc	status,2,c
   395  0000D2  D7F5               	goto	l159
   396  0000D4  D7F6               	goto	l160
   397  0000D6                     l158:
   398                           
   399                           ;spi_r.c: 38: TRISBbits.TRISB0 = 1;
   400  0000D6  8093               	bsf	3987,0,c	;volatile
   401                           
   402                           ;spi_r.c: 39: TRISCbits.TRISC7 = 0;
   403  0000D8  9E94               	bcf	3988,7,c	;volatile
   404                           
   405                           ;spi_r.c: 41: SSPCON1 |= 0b00100000;
   406  0000DA  8AC6               	bsf	4038,5,c	;volatile
   407  0000DC  0012               	return		;funcret
   408  0000DE                     __end_of_SPI_R_OpenSPI:
   409                           	opt stack 0
   410                           tblptru	equ	0xFF8
   411                           status	equ	0xFD8
   412                           
   413 ;; *************** function _PWM_R_OpenPWM *****************
   414 ;; Defined at:
   415 ;;		line 17 in file "../../../../_ELECTRONIC/inc/pwm_r.c"
   416 ;; Parameters:    Size  Location     Type
   417 ;;		None
   418 ;; Auto vars:     Size  Location     Type
   419 ;;		None
   420 ;; Return value:  Size  Location     Type
   421 ;;                  1    wreg      void 
   422 ;; Registers used:
   423 ;;		wreg, status,2, status,0, cstack
   424 ;; Tracked objects:
   425 ;;		On entry : 0/0
   426 ;;		On exit  : 0/0
   427 ;;		Unchanged: 0/0
   428 ;; Data sizes:     COMRAM   BANK0   BANK1   BANK2   BANK3   BANK4   BANK5   BANK6   BANK7
   429 ;;      Params:         0       0       0       0       0       0       0       0       0
   430 ;;      Locals:         0       0       0       0       0       0       0       0       0
   431 ;;      Temps:          0       0       0       0       0       0       0       0       0
   432 ;;      Totals:         0       0       0       0       0       0       0       0       0
   433 ;;Total ram usage:        0 bytes
   434 ;; Hardware stack levels used:    1
   435 ;; Hardware stack levels required when called:    2
   436 ;; This function calls:
   437 ;;		_PWM_R_setPWM1
   438 ;;		_PWM_R_setPWM2
   439 ;; This function is called by:
   440 ;;		_SYSTEM_Initialize
   441 ;; This function uses a non-reentrant model
   442 ;;
   443                           
   444                           	psect	text3
   445  0001A4                     __ptext3:
   446                           	opt stack 0
   447  0001A4                     _PWM_R_OpenPWM:
   448                           	opt stack 27
   449                           
   450                           ;pwm_r.c: 19: PR2 = 0xFF;
   451                           
   452                           ;incstack = 0
   453  0001A4  68CB               	setf	4043,c	;volatile
   454                           
   455                           ;pwm_r.c: 21: PWM_R_setPWM1(0x00);
   456  0001A6  0E00               	movlw	0
   457  0001A8  6E10               	movwf	PWM_R_setPWM1@val+1,c
   458  0001AA  0E00               	movlw	0
   459  0001AC  6E0F               	movwf	PWM_R_setPWM1@val,c
   460  0001AE  ECB4  F000         	call	_PWM_R_setPWM1	;wreg free
   461                           
   462                           ;pwm_r.c: 22: PWM_R_setPWM2(0x00);
   463  0001B2  0E00               	movlw	0
   464  0001B4  6E10               	movwf	PWM_R_setPWM2@val+1,c
   465  0001B6  0E00               	movlw	0
   466  0001B8  6E0F               	movwf	PWM_R_setPWM2@val,c
   467  0001BA  EC96  F000         	call	_PWM_R_setPWM2	;wreg free
   468                           
   469                           ;pwm_r.c: 25: TRISCbits.RC1 = 0;
   470  0001BE  9294               	bcf	3988,1,c	;volatile
   471                           
   472                           ;pwm_r.c: 26: TRISCbits.RC2 = 0;
   473  0001C0  9494               	bcf	3988,2,c	;volatile
   474                           
   475                           ;pwm_r.c: 36: T2CKPS0 = 1;
   476  0001C2  80CA               	bsf	4042,0,c	;volatile
   477                           
   478                           ;pwm_r.c: 37: T2CKPS1 = 1;
   479  0001C4  82CA               	bsf	4042,1,c	;volatile
   480                           
   481                           ;pwm_r.c: 39: TMR2ON = 1;
   482  0001C6  84CA               	bsf	4042,2,c	;volatile
   483                           
   484                           ;pwm_r.c: 42: CCP1M3 = 1;
   485  0001C8  86BD               	bsf	4029,3,c	;volatile
   486                           
   487                           ;pwm_r.c: 43: CCP1M2 = 1;
   488  0001CA  84BD               	bsf	4029,2,c	;volatile
   489                           
   490                           ;pwm_r.c: 45: CCP2M3 = 1;
   491  0001CC  86BA               	bsf	4026,3,c	;volatile
   492                           
   493                           ;pwm_r.c: 46: CCP2M2 = 1;
   494  0001CE  84BA               	bsf	4026,2,c	;volatile
   495  0001D0  0012               	return		;funcret
   496  0001D2                     __end_of_PWM_R_OpenPWM:
   497                           	opt stack 0
   498                           tblptru	equ	0xFF8
   499                           status	equ	0xFD8
   500                           
   501 ;; *************** function _APP_tick *****************
   502 ;; Defined at:
   503 ;;		line 14 in file "../src/slave1/app_slave1.c"
   504 ;; Parameters:    Size  Location     Type
   505 ;;		None
   506 ;; Auto vars:     Size  Location     Type
   507 ;;  p2              2   19[COMRAM] unsigned int 
   508 ;;  p1              2   17[COMRAM] unsigned int 
   509 ;; Return value:  Size  Location     Type
   510 ;;                  1    wreg      void 
   511 ;; Registers used:
   512 ;;		wreg, status,2, status,0, cstack
   513 ;; Tracked objects:
   514 ;;		On entry : 0/0
   515 ;;		On exit  : 0/0
   516 ;;		Unchanged: 0/0
   517 ;; Data sizes:     COMRAM   BANK0   BANK1   BANK2   BANK3   BANK4   BANK5   BANK6   BANK7
   518 ;;      Params:         0       0       0       0       0       0       0       0       0
   519 ;;      Locals:         4       0       0       0       0       0       0       0       0
   520 ;;      Temps:          0       0       0       0       0       0       0       0       0
   521 ;;      Totals:         4       0       0       0       0       0       0       0       0
   522 ;;Total ram usage:        4 bytes
   523 ;; Hardware stack levels used:    1
   524 ;; Hardware stack levels required when called:    2
   525 ;; This function calls:
   526 ;;		_PWM_R_setPWM1
   527 ;;		_PWM_R_setPWM2
   528 ;;		_SPI_R_DataRdySPI
   529 ;;		_SPI_R_getcSPI
   530 ;; This function is called by:
   531 ;;		_main
   532 ;; This function uses a non-reentrant model
   533 ;;
   534                           
   535                           	psect	text4
   536  0000DE                     __ptext4:
   537                           	opt stack 0
   538  0000DE                     _APP_tick:
   539                           	opt stack 28
   540  0000DE                     l1028:
   541  0000DE  ECF9  F000         	call	_SPI_R_DataRdySPI	;wreg free
   542  0000E2  500F               	movf	?_SPI_R_DataRdySPI,w,c
   543  0000E4  1010               	iorwf	?_SPI_R_DataRdySPI+1,w,c
   544  0000E6  B4D8               	btfsc	status,2,c
   545  0000E8  D7FA               	goto	l1028
   546                           
   547                           ;app_slave1.c: 16: cArr[0] = SPI_R_getcSPI();
   548  0000EA  EC0E  F001         	call	_SPI_R_getcSPI	;wreg free
   549  0000EE  500F               	movf	?_SPI_R_getcSPI,w,c
   550  0000F0  6E16               	movwf	_cArr,c
   551  0000F2                     l1032:
   552  0000F2  ECF9  F000         	call	_SPI_R_DataRdySPI	;wreg free
   553  0000F6  500F               	movf	?_SPI_R_DataRdySPI,w,c
   554  0000F8  1010               	iorwf	?_SPI_R_DataRdySPI+1,w,c
   555  0000FA  B4D8               	btfsc	status,2,c
   556  0000FC  D7FA               	goto	l1032
   557                           
   558                           ;app_slave1.c: 18: cArr[1] = SPI_R_getcSPI();
   559  0000FE  EC0E  F001         	call	_SPI_R_getcSPI	;wreg free
   560  000102  500F               	movf	?_SPI_R_getcSPI,w,c
   561  000104  6E17               	movwf	_cArr+1,c
   562                           
   563                           ;app_slave1.c: 22: uint16_t p1 = cArr[0];
   564  000106  C016  F012         	movff	_cArr,APP_tick@p1
   565  00010A  6A13               	clrf	APP_tick@p1+1,c
   566                           
   567                           ;app_slave1.c: 23: uint16_t p2 = cArr[1];
   568  00010C  C017  F014         	movff	_cArr+1,APP_tick@p2
   569  000110  6A15               	clrf	APP_tick@p2+1,c
   570                           
   571                           ;app_slave1.c: 25: PWM_R_setPWM1(p1);
   572  000112  C012  F00F         	movff	APP_tick@p1,PWM_R_setPWM1@val
   573  000116  C013  F010         	movff	APP_tick@p1+1,PWM_R_setPWM1@val+1
   574  00011A  ECB4  F000         	call	_PWM_R_setPWM1	;wreg free
   575                           
   576                           ;app_slave1.c: 26: PWM_R_setPWM2(p2);
   577  00011E  C014  F00F         	movff	APP_tick@p2,PWM_R_setPWM2@val
   578  000122  C015  F010         	movff	APP_tick@p2+1,PWM_R_setPWM2@val+1
   579  000126  EC96  F000         	call	_PWM_R_setPWM2	;wreg free
   580  00012A  0012               	return		;funcret
   581  00012C                     __end_of_APP_tick:
   582                           	opt stack 0
   583                           tblptru	equ	0xFF8
   584                           status	equ	0xFD8
   585                           
   586 ;; *************** function _SPI_R_getcSPI *****************
   587 ;; Defined at:
   588 ;;		line 58 in file "../../../../_ELECTRONIC/inc/spi_r.c"
   589 ;; Parameters:    Size  Location     Type
   590 ;;		None
   591 ;; Auto vars:     Size  Location     Type
   592 ;;  TempVar         1   16[COMRAM] unsigned char 
   593 ;; Return value:  Size  Location     Type
   594 ;;                  2   14[COMRAM] int 
   595 ;; Registers used:
   596 ;;		None
   597 ;; Tracked objects:
   598 ;;		On entry : 0/0
   599 ;;		On exit  : 0/0
   600 ;;		Unchanged: 0/0
   601 ;; Data sizes:     COMRAM   BANK0   BANK1   BANK2   BANK3   BANK4   BANK5   BANK6   BANK7
   602 ;;      Params:         2       0       0       0       0       0       0       0       0
   603 ;;      Locals:         1       0       0       0       0       0       0       0       0
   604 ;;      Temps:          0       0       0       0       0       0       0       0       0
   605 ;;      Totals:         3       0       0       0       0       0       0       0       0
   606 ;;Total ram usage:        3 bytes
   607 ;; Hardware stack levels used:    1
   608 ;; Hardware stack levels required when called:    1
   609 ;; This function calls:
   610 ;;		Nothing
   611 ;; This function is called by:
   612 ;;		_APP_tick
   613 ;;		_SPI_R_getsSPI
   614 ;; This function uses a non-reentrant model
   615 ;;
   616                           
   617                           	psect	text5
   618  00021C                     __ptext5:
   619                           	opt stack 0
   620  00021C                     _SPI_R_getcSPI:
   621                           	opt stack 28
   622                           
   623                           ;spi_r.c: 59: unsigned char TempVar;
   624                           ;spi_r.c: 60: TempVar = SSPBUF;
   625                           
   626                           ;incstack = 0
   627  00021C  CFC9 F011          	movff	4041,SPI_R_getcSPI@TempVar	;volatile
   628                           
   629                           ;spi_r.c: 61: PIR1bits.SSPIF = 0;
   630  000220  969E               	bcf	3998,3,c	;volatile
   631                           
   632                           ;spi_r.c: 65: return ( TempVar );
   633  000222  C011  F00F         	movff	SPI_R_getcSPI@TempVar,?_SPI_R_getcSPI
   634  000226  6A10               	clrf	?_SPI_R_getcSPI+1,c
   635  000228  0012               	return		;funcret
   636  00022A                     __end_of_SPI_R_getcSPI:
   637                           	opt stack 0
   638                           tblptru	equ	0xFF8
   639                           status	equ	0xFD8
   640                           
   641 ;; *************** function _SPI_R_DataRdySPI *****************
   642 ;; Defined at:
   643 ;;		line 51 in file "../../../../_ELECTRONIC/inc/spi_r.c"
   644 ;; Parameters:    Size  Location     Type
   645 ;;		None
   646 ;; Auto vars:     Size  Location     Type
   647 ;;		None
   648 ;; Return value:  Size  Location     Type
   649 ;;                  2   14[COMRAM] int 
   650 ;; Registers used:
   651 ;;		wreg, status,2
   652 ;; Tracked objects:
   653 ;;		On entry : 0/0
   654 ;;		On exit  : 0/0
   655 ;;		Unchanged: 0/0
   656 ;; Data sizes:     COMRAM   BANK0   BANK1   BANK2   BANK3   BANK4   BANK5   BANK6   BANK7
   657 ;;      Params:         2       0       0       0       0       0       0       0       0
   658 ;;      Locals:         0       0       0       0       0       0       0       0       0
   659 ;;      Temps:          0       0       0       0       0       0       0       0       0
   660 ;;      Totals:         2       0       0       0       0       0       0       0       0
   661 ;;Total ram usage:        2 bytes
   662 ;; Hardware stack levels used:    1
   663 ;; Hardware stack levels required when called:    1
   664 ;; This function calls:
   665 ;;		Nothing
   666 ;; This function is called by:
   667 ;;		_APP_tick
   668 ;; This function uses a non-reentrant model
   669 ;;
   670                           
   671                           	psect	text6
   672  0001F2                     __ptext6:
   673                           	opt stack 0
   674  0001F2                     _SPI_R_DataRdySPI:
   675                           	opt stack 28
   676                           
   677                           ;spi_r.c: 52: if ( SSPSTATbits.BF )
   678                           
   679                           ;incstack = 0
   680  0001F2  A0C7               	btfss	4039,0,c	;volatile
   681  0001F4  D005               	goto	l1010
   682                           
   683                           ;spi_r.c: 53: return ( +1 );
   684  0001F6  0E00               	movlw	0
   685  0001F8  6E10               	movwf	?_SPI_R_DataRdySPI+1,c
   686  0001FA  0E01               	movlw	1
   687  0001FC  6E0F               	movwf	?_SPI_R_DataRdySPI,c
   688  0001FE  0012               	return	
   689  000200                     l1010:
   690                           
   691                           ;spi_r.c: 54: else
   692                           ;spi_r.c: 55: return ( 0 );
   693  000200  0E00               	movlw	0
   694  000202  6E10               	movwf	?_SPI_R_DataRdySPI+1,c
   695  000204  0E00               	movlw	0
   696  000206  6E0F               	movwf	?_SPI_R_DataRdySPI,c
   697  000208  0012               	return	
   698  00020A                     __end_of_SPI_R_DataRdySPI:
   699                           	opt stack 0
   700                           tblptru	equ	0xFF8
   701                           status	equ	0xFD8
   702                           
   703 ;; *************** function _PWM_R_setPWM2 *****************
   704 ;; Defined at:
   705 ;;		line 11 in file "../../../../_ELECTRONIC/inc/pwm_r.c"
   706 ;; Parameters:    Size  Location     Type
   707 ;;  val             2   14[COMRAM] unsigned int 
   708 ;; Auto vars:     Size  Location     Type
   709 ;;		None
   710 ;; Return value:  Size  Location     Type
   711 ;;                  1    wreg      void 
   712 ;; Registers used:
   713 ;;		wreg, status,2, status,0
   714 ;; Tracked objects:
   715 ;;		On entry : 0/0
   716 ;;		On exit  : 0/0
   717 ;;		Unchanged: 0/0
   718 ;; Data sizes:     COMRAM   BANK0   BANK1   BANK2   BANK3   BANK4   BANK5   BANK6   BANK7
   719 ;;      Params:         2       0       0       0       0       0       0       0       0
   720 ;;      Locals:         0       0       0       0       0       0       0       0       0
   721 ;;      Temps:          1       0       0       0       0       0       0       0       0
   722 ;;      Totals:         3       0       0       0       0       0       0       0       0
   723 ;;Total ram usage:        3 bytes
   724 ;; Hardware stack levels used:    1
   725 ;; Hardware stack levels required when called:    1
   726 ;; This function calls:
   727 ;;		Nothing
   728 ;; This function is called by:
   729 ;;		_APP_tick
   730 ;;		_PWM_R_OpenPWM
   731 ;; This function uses a non-reentrant model
   732 ;;
   733                           
   734                           	psect	text7
   735  00012C                     __ptext7:
   736                           	opt stack 0
   737  00012C                     _PWM_R_setPWM2:
   738                           	opt stack 27
   739                           
   740                           ;pwm_r.c: 12: CCP2CONbits.DC2B0 = (val & 0x01); val >>= 1;
   741                           
   742                           ;incstack = 0
   743  00012C  C00F  F011         	movff	PWM_R_setPWM2@val,??_PWM_R_setPWM2
   744  000130  0E01               	movlw	1
   745  000132  1611               	andwf	??_PWM_R_setPWM2,f,c
   746  000134  3A11               	swapf	??_PWM_R_setPWM2,f,c
   747  000136  50BA               	movf	4026,w,c	;volatile
   748  000138  1811               	xorwf	??_PWM_R_setPWM2,w,c
   749  00013A  0BEF               	andlw	-17
   750  00013C  1811               	xorwf	??_PWM_R_setPWM2,w,c
   751  00013E  6EBA               	movwf	4026,c	;volatile
   752  000140  90D8               	bcf	status,0,c
   753  000142  3210               	rrcf	PWM_R_setPWM2@val+1,f,c
   754  000144  320F               	rrcf	PWM_R_setPWM2@val,f,c
   755                           
   756                           ;pwm_r.c: 13: CCP2CONbits.DC2B1 = (val & 0x01); val >>= 1;
   757  000146  C00F  F011         	movff	PWM_R_setPWM2@val,??_PWM_R_setPWM2
   758  00014A  0E01               	movlw	1
   759  00014C  1611               	andwf	??_PWM_R_setPWM2,f,c
   760  00014E  3A11               	swapf	??_PWM_R_setPWM2,f,c
   761  000150  4611               	rlncf	??_PWM_R_setPWM2,f,c
   762  000152  50BA               	movf	4026,w,c	;volatile
   763  000154  1811               	xorwf	??_PWM_R_setPWM2,w,c
   764  000156  0BDF               	andlw	-33
   765  000158  1811               	xorwf	??_PWM_R_setPWM2,w,c
   766  00015A  6EBA               	movwf	4026,c	;volatile
   767  00015C  90D8               	bcf	status,0,c
   768  00015E  3210               	rrcf	PWM_R_setPWM2@val+1,f,c
   769  000160  320F               	rrcf	PWM_R_setPWM2@val,f,c
   770                           
   771                           ;pwm_r.c: 14: CCPR2L = val;
   772  000162  C00F  FFBB         	movff	PWM_R_setPWM2@val,4027	;volatile
   773  000166  0012               	return		;funcret
   774  000168                     __end_of_PWM_R_setPWM2:
   775                           	opt stack 0
   776                           tblptru	equ	0xFF8
   777                           status	equ	0xFD8
   778                           
   779 ;; *************** function _PWM_R_setPWM1 *****************
   780 ;; Defined at:
   781 ;;		line 5 in file "../../../../_ELECTRONIC/inc/pwm_r.c"
   782 ;; Parameters:    Size  Location     Type
   783 ;;  val             2   14[COMRAM] unsigned int 
   784 ;; Auto vars:     Size  Location     Type
   785 ;;		None
   786 ;; Return value:  Size  Location     Type
   787 ;;                  1    wreg      void 
   788 ;; Registers used:
   789 ;;		wreg, status,2, status,0
   790 ;; Tracked objects:
   791 ;;		On entry : 0/0
   792 ;;		On exit  : 0/0
   793 ;;		Unchanged: 0/0
   794 ;; Data sizes:     COMRAM   BANK0   BANK1   BANK2   BANK3   BANK4   BANK5   BANK6   BANK7
   795 ;;      Params:         2       0       0       0       0       0       0       0       0
   796 ;;      Locals:         0       0       0       0       0       0       0       0       0
   797 ;;      Temps:          1       0       0       0       0       0       0       0       0
   798 ;;      Totals:         3       0       0       0       0       0       0       0       0
   799 ;;Total ram usage:        3 bytes
   800 ;; Hardware stack levels used:    1
   801 ;; Hardware stack levels required when called:    1
   802 ;; This function calls:
   803 ;;		Nothing
   804 ;; This function is called by:
   805 ;;		_APP_tick
   806 ;;		_PWM_R_OpenPWM
   807 ;; This function uses a non-reentrant model
   808 ;;
   809                           
   810                           	psect	text8
   811  000168                     __ptext8:
   812                           	opt stack 0
   813  000168                     _PWM_R_setPWM1:
   814                           	opt stack 27
   815                           
   816                           ;pwm_r.c: 6: CCP1CONbits.DC1B0 = (val & 0x01); val >>= 1;
   817                           
   818                           ;incstack = 0
   819  000168  C00F  F011         	movff	PWM_R_setPWM1@val,??_PWM_R_setPWM1
   820  00016C  0E01               	movlw	1
   821  00016E  1611               	andwf	??_PWM_R_setPWM1,f,c
   822  000170  3A11               	swapf	??_PWM_R_setPWM1,f,c
   823  000172  50BD               	movf	4029,w,c	;volatile
   824  000174  1811               	xorwf	??_PWM_R_setPWM1,w,c
   825  000176  0BEF               	andlw	-17
   826  000178  1811               	xorwf	??_PWM_R_setPWM1,w,c
   827  00017A  6EBD               	movwf	4029,c	;volatile
   828  00017C  90D8               	bcf	status,0,c
   829  00017E  3210               	rrcf	PWM_R_setPWM1@val+1,f,c
   830  000180  320F               	rrcf	PWM_R_setPWM1@val,f,c
   831                           
   832                           ;pwm_r.c: 7: CCP1CONbits.DC1B1 = (val & 0x01); val >>= 1;
   833  000182  C00F  F011         	movff	PWM_R_setPWM1@val,??_PWM_R_setPWM1
   834  000186  0E01               	movlw	1
   835  000188  1611               	andwf	??_PWM_R_setPWM1,f,c
   836  00018A  3A11               	swapf	??_PWM_R_setPWM1,f,c
   837  00018C  4611               	rlncf	??_PWM_R_setPWM1,f,c
   838  00018E  50BD               	movf	4029,w,c	;volatile
   839  000190  1811               	xorwf	??_PWM_R_setPWM1,w,c
   840  000192  0BDF               	andlw	-33
   841  000194  1811               	xorwf	??_PWM_R_setPWM1,w,c
   842  000196  6EBD               	movwf	4029,c	;volatile
   843  000198  90D8               	bcf	status,0,c
   844  00019A  3210               	rrcf	PWM_R_setPWM1@val+1,f,c
   845  00019C  320F               	rrcf	PWM_R_setPWM1@val,f,c
   846                           
   847                           ;pwm_r.c: 8: CCPR1L = val;
   848  00019E  C00F  FFBE         	movff	PWM_R_setPWM1@val,4030	;volatile
   849  0001A2  0012               	return		;funcret
   850  0001A4                     __end_of_PWM_R_setPWM1:
   851                           	opt stack 0
   852                           tblptru	equ	0xFF8
   853                           status	equ	0xFD8
   854                           
   855 ;; *************** function _SYS_InterruptHigh *****************
   856 ;; Defined at:
   857 ;;		line 80 in file "../src/slave1/system.c"
   858 ;; Parameters:    Size  Location     Type
   859 ;;		None
   860 ;; Auto vars:     Size  Location     Type
   861 ;;		None
   862 ;; Return value:  Size  Location     Type
   863 ;;                  1    wreg      void 
   864 ;; Registers used:
   865 ;;		None
   866 ;; Tracked objects:
   867 ;;		On entry : 0/0
   868 ;;		On exit  : 0/0
   869 ;;		Unchanged: 0/0
   870 ;; Data sizes:     COMRAM   BANK0   BANK1   BANK2   BANK3   BANK4   BANK5   BANK6   BANK7
   871 ;;      Params:         0       0       0       0       0       0       0       0       0
   872 ;;      Locals:         0       0       0       0       0       0       0       0       0
   873 ;;      Temps:         14       0       0       0       0       0       0       0       0
   874 ;;      Totals:        14       0       0       0       0       0       0       0       0
   875 ;;Total ram usage:       14 bytes
   876 ;; Hardware stack levels used:    1
   877 ;; This function calls:
   878 ;;		Nothing
   879 ;; This function is called by:
   880 ;;		Interrupt level 2
   881 ;; This function uses a non-reentrant model
   882 ;;
   883                           
   884                           	psect	intcode
   885  000008                     __pintcode:
   886                           	opt stack 0
   887  000008                     _SYS_InterruptHigh:
   888                           	opt stack 27
   889                           
   890                           ;incstack = 0
   891  000008  8218               	bsf	btemp,1,c	;set compiler interrupt flag (level 2)
   892  00000A  CFFA F001          	movff	pclath,??_SYS_InterruptHigh
   893  00000E  CFFB F002          	movff	pclatu,??_SYS_InterruptHigh+1
   894  000012  ED0D  F000         	call	int_func,f	;refresh shadow registers
   895                           pclatu	equ	0xFFB
   896                           pclath	equ	0xFFA
   897                           tblptru	equ	0xFF8
   898                           status	equ	0xFD8
   899                           
   900                           	psect	intcode_body
   901  00001A                     __pintcode_body:
   902                           	opt stack 27
   903  00001A                     int_func:
   904                           	opt stack 27
   905  00001A  0006               	pop		; remove dummy address from shadow register refresh
   906  00001C  CFE9 F003          	movff	fsr0l,??_SYS_InterruptHigh+2
   907  000020  CFEA F004          	movff	fsr0h,??_SYS_InterruptHigh+3
   908  000024  CFE1 F005          	movff	fsr1l,??_SYS_InterruptHigh+4
   909  000028  CFE2 F006          	movff	fsr1h,??_SYS_InterruptHigh+5
   910  00002C  CFD9 F007          	movff	fsr2l,??_SYS_InterruptHigh+6
   911  000030  CFDA F008          	movff	fsr2h,??_SYS_InterruptHigh+7
   912  000034  CFF3 F009          	movff	prodl,??_SYS_InterruptHigh+8
   913  000038  CFF4 F00A          	movff	prodh,??_SYS_InterruptHigh+9
   914  00003C  CFF6 F00B          	movff	tblptrl,??_SYS_InterruptHigh+10
   915  000040  CFF7 F00C          	movff	tblptrh,??_SYS_InterruptHigh+11
   916  000044  CFF8 F00D          	movff	tblptru,??_SYS_InterruptHigh+12
   917  000048  CFF5 F00E          	movff	tablat,??_SYS_InterruptHigh+13
   918  00004C  C00E  FFF5         	movff	??_SYS_InterruptHigh+13,tablat
   919  000050  C00D  FFF8         	movff	??_SYS_InterruptHigh+12,tblptru
   920  000054  C00C  FFF7         	movff	??_SYS_InterruptHigh+11,tblptrh
   921  000058  C00B  FFF6         	movff	??_SYS_InterruptHigh+10,tblptrl
   922  00005C  C00A  FFF4         	movff	??_SYS_InterruptHigh+9,prodh
   923  000060  C009  FFF3         	movff	??_SYS_InterruptHigh+8,prodl
   924  000064  C008  FFDA         	movff	??_SYS_InterruptHigh+7,fsr2h
   925  000068  C007  FFD9         	movff	??_SYS_InterruptHigh+6,fsr2l
   926  00006C  C006  FFE2         	movff	??_SYS_InterruptHigh+5,fsr1h
   927  000070  C005  FFE1         	movff	??_SYS_InterruptHigh+4,fsr1l
   928  000074  C004  FFEA         	movff	??_SYS_InterruptHigh+3,fsr0h
   929  000078  C003  FFE9         	movff	??_SYS_InterruptHigh+2,fsr0l
   930  00007C  C002  FFFB         	movff	??_SYS_InterruptHigh+1,pclatu
   931  000080  C001  FFFA         	movff	??_SYS_InterruptHigh,pclath
   932  000084  9218               	bcf	btemp,1,c	;clear compiler interrupt flag (level 2)
   933  000086  0011               	retfie		f
   934  000088                     __end_of_SYS_InterruptHigh:
   935                           	opt stack 0
   936  0000                     pclatu	equ	0xFFB
   937                           pclath	equ	0xFFA
   938                           tblptru	equ	0xFF8
   939                           tblptrh	equ	0xFF7
   940                           tblptrl	equ	0xFF6
   941                           tablat	equ	0xFF5
   942                           prodh	equ	0xFF4
   943                           prodl	equ	0xFF3
   944                           fsr0h	equ	0xFEA
   945                           fsr0l	equ	0xFE9
   946                           fsr1h	equ	0xFE2
   947                           fsr1l	equ	0xFE1
   948                           fsr2h	equ	0xFDA
   949                           fsr2l	equ	0xFD9
   950                           status	equ	0xFD8
   951                           pclatu	equ	0xFFB
   952                           pclath	equ	0xFFA
   953                           tblptru	equ	0xFF8
   954                           tblptrh	equ	0xFF7
   955                           tblptrl	equ	0xFF6
   956                           tablat	equ	0xFF5
   957                           prodh	equ	0xFF4
   958                           prodl	equ	0xFF3
   959                           fsr0h	equ	0xFEA
   960                           fsr0l	equ	0xFE9
   961                           fsr1h	equ	0xFE2
   962                           fsr1l	equ	0xFE1
   963                           fsr2h	equ	0xFDA
   964                           fsr2l	equ	0xFD9
   965                           status	equ	0xFD8
   966                           
   967                           	psect	rparam
   968  0000                     pclatu	equ	0xFFB
   969                           pclath	equ	0xFFA
   970                           tblptru	equ	0xFF8
   971                           tblptrh	equ	0xFF7
   972                           tblptrl	equ	0xFF6
   973                           tablat	equ	0xFF5
   974                           prodh	equ	0xFF4
   975                           prodl	equ	0xFF3
   976                           fsr0h	equ	0xFEA
   977                           fsr0l	equ	0xFE9
   978                           fsr1h	equ	0xFE2
   979                           fsr1l	equ	0xFE1
   980                           fsr2h	equ	0xFDA
   981                           fsr2l	equ	0xFD9
   982                           status	equ	0xFD8
   983                           
   984                           	psect	temp
   985  000018                     btemp:
   986                           	opt stack 0
   987  000018                     	ds	1
   988  0000                     int$flags	set	btemp
   989                           pclatu	equ	0xFFB
   990                           pclath	equ	0xFFA
   991                           tblptru	equ	0xFF8
   992                           tblptrh	equ	0xFF7
   993                           tblptrl	equ	0xFF6
   994                           tablat	equ	0xFF5
   995                           prodh	equ	0xFF4
   996                           prodl	equ	0xFF3
   997                           fsr0h	equ	0xFEA
   998                           fsr0l	equ	0xFE9
   999                           fsr1h	equ	0xFE2
  1000                           fsr1l	equ	0xFE1
  1001                           fsr2h	equ	0xFDA
  1002                           fsr2l	equ	0xFD9
  1003                           status	equ	0xFD8


Data Sizes:
    Strings     0
    Constant    0
    Data        0
    BSS         2
    Persistent  0
    Stack       0

Auto Spaces:
    Space          Size  Autos    Used
    COMRAM           94     21      23
    BANK0           160      0       0
    BANK1           256      0       0
    BANK2           256      0       0
    BANK3           256      0       0
    BANK4           256      0       0
    BANK5           256      0       0
    BANK6           256      0       0
    BANK7           256      0       0

Pointer List with Targets:

    None.

Critical Paths under _main in COMRAM

    _main->_APP_tick
    _SYSTEM_Initialize->_SPI_R_OpenSPI
    _PWM_R_OpenPWM->_PWM_R_setPWM1
    _PWM_R_OpenPWM->_PWM_R_setPWM2
    _APP_tick->_PWM_R_setPWM1
    _APP_tick->_PWM_R_setPWM2
    _APP_tick->_SPI_R_getcSPI

Critical Paths under _SYS_InterruptHigh in COMRAM

    None.

Critical Paths under _main in BANK0

    None.

Critical Paths under _SYS_InterruptHigh in BANK0

    None.

Critical Paths under _main in BANK1

    None.

Critical Paths under _SYS_InterruptHigh in BANK1

    None.

Critical Paths under _main in BANK2

    None.

Critical Paths under _SYS_InterruptHigh in BANK2

    None.

Critical Paths under _main in BANK3

    None.

Critical Paths under _SYS_InterruptHigh in BANK3

    None.

Critical Paths under _main in BANK4

    None.

Critical Paths under _SYS_InterruptHigh in BANK4

    None.

Critical Paths under _main in BANK5

    None.

Critical Paths under _SYS_InterruptHigh in BANK5

    None.

Critical Paths under _main in BANK6

    None.

Critical Paths under _SYS_InterruptHigh in BANK6

    None.

Critical Paths under _main in BANK7

    None.

Critical Paths under _SYS_InterruptHigh in BANK7

    None.

Call Graph Tables:

 ---------------------------------------------------------------------------------
 (Depth) Function   	        Calls       Base Space   Used Autos Params    Refs
 ---------------------------------------------------------------------------------
 (0) _main                                                 0     0      0     859
                           _APP_tick
                  _SYSTEM_Initialize
 ---------------------------------------------------------------------------------
 (1) _SYSTEM_Initialize                                    0     0      0     482
                      _PWM_R_OpenPWM
                      _SPI_R_OpenSPI
 ---------------------------------------------------------------------------------
 (2) _SPI_R_OpenSPI                                        3     1      2     174
                                             14 COMRAM     3     1      2
 ---------------------------------------------------------------------------------
 (2) _PWM_R_OpenPWM                                        0     0      0     308
                      _PWM_R_setPWM1
                      _PWM_R_setPWM2
 ---------------------------------------------------------------------------------
 (1) _APP_tick                                             4     4      0     377
                                             17 COMRAM     4     4      0
                      _PWM_R_setPWM1
                      _PWM_R_setPWM2
                   _SPI_R_DataRdySPI
                      _SPI_R_getcSPI
 ---------------------------------------------------------------------------------
 (2) _SPI_R_getcSPI                                        3     1      2      23
                                             14 COMRAM     3     1      2
 ---------------------------------------------------------------------------------
 (2) _SPI_R_DataRdySPI                                     2     0      2       0
                                             14 COMRAM     2     0      2
 ---------------------------------------------------------------------------------
 (3) _PWM_R_setPWM2                                        3     1      2     154
                                             14 COMRAM     3     1      2
 ---------------------------------------------------------------------------------
 (3) _PWM_R_setPWM1                                        3     1      2     154
                                             14 COMRAM     3     1      2
 ---------------------------------------------------------------------------------
 Estimated maximum stack depth 3
 ---------------------------------------------------------------------------------
 (Depth) Function   	        Calls       Base Space   Used Autos Params    Refs
 ---------------------------------------------------------------------------------
 (4) _SYS_InterruptHigh                                   14    14      0       0
                                              0 COMRAM    14    14      0
 ---------------------------------------------------------------------------------
 Estimated maximum stack depth 4
 ---------------------------------------------------------------------------------

 Call Graph Graphs:

 _main (ROOT)
   _APP_tick
     _PWM_R_setPWM1
     _PWM_R_setPWM2
     _SPI_R_DataRdySPI
     _SPI_R_getcSPI
   _SYSTEM_Initialize
     _PWM_R_OpenPWM
       _PWM_R_setPWM1
       _PWM_R_setPWM2
     _SPI_R_OpenSPI

 _SYS_InterruptHigh (ROOT)

 Address spaces:
Name               Size   Autos  Total    Cost      Usage
BIGRAM             7FF      0       0      21        0.0%
EEDATA             100      0       0       0        0.0%
BITBANK7           100      0       0      18        0.0%
BANK7              100      0       0      19        0.0%
BITBANK6           100      0       0      16        0.0%
BANK6              100      0       0      17        0.0%
BITBANK5           100      0       0      14        0.0%
BANK5              100      0       0      15        0.0%
BITBANK4           100      0       0      12        0.0%
BANK4              100      0       0      13        0.0%
BITBANK3           100      0       0      10        0.0%
BANK3              100      0       0      11        0.0%
BITBANK2           100      0       0       8        0.0%
BANK2              100      0       0       9        0.0%
BITBANK1           100      0       0       6        0.0%
BANK1              100      0       0       7        0.0%
BITBANK0            A0      0       0       4        0.0%
BANK0               A0      0       0       5        0.0%
BITCOMRAM           5E      0       0       0        0.0%
COMRAM              5E     15      17       1       24.5%
BITSFR               0      0       0      40        0.0%
SFR                  0      0       0      40        0.0%
STACK                0      0       0       2        0.0%
NULL                 0      0       0       0        0.0%
ABS                  0      0      17      20        0.0%
DATA                 0      0      17       3        0.0%
CODE                 0      0       0       0        0.0%


Microchip Technology PIC18 Macro Assembler V1.36 build -262312587 
Symbol Table                                                                                   Sat Mar 05 18:58:38 2016

                         l7 022E                 _SSPSTATbits 000FC7      __size_of_PWM_R_setPWM1 003C  
    __size_of_PWM_R_setPWM2 003C                 __CFG_BOR$ON 000000                 __CFG_BORV$3 000000  
        __CFG_FOSC$XTPLL_XT 000000                __CFG_CP0$OFF 000000                __CFG_CP1$OFF 000000  
                       l151 009C                         l160 00C2                         l153 00A0  
                       l154 00A2                         l157 00BC                         l158 00D6  
                       l159 00BE                         l972 00A6                         l976 00C6  
              __CFG_CPB$OFF 000000                         _PR2 000FCB                __CFG_LVP$OFF 000000  
            ?_SPI_R_OpenSPI 000F                __CFG_WDT$OFF 000000                        l1010 0200  
                      l1032 00F2                        l1028 00DE                        _LATA 000F89  
                      _LATB 000F8A        SPI_R_getcSPI@TempVar 0011                        _cArr 0016  
                      _main 022A                        fsr0h 000FEA                        fsr1h 000FE2  
                      fsr0l 000FE9                        fsr2h 000FDA                        fsr1l 000FE1  
                      fsr2l 000FD9                        btemp 0018                        pclat 000FFA  
                      prodh 000FF4                        prodl 000FF3                        start 0016  
             __CFG_IESO$OFF 000000              ?_SPI_R_getcSPI 000F               __CFG_MCLRE$ON 000000  
              ___param_bank 000010               _PWM_R_OpenPWM 01A4               __CFG_PLLDIV$1 000000  
          __end_of_APP_tick 012C                       ?_main 0001               __CFG_USBDIV$2 000000  
                     _TRISA 000F92                       _TRISB 000F93               __CFG_PWRT$OFF 000000  
             __CFG_WRT0$OFF 000000               __CFG_WRT1$OFF 000000              __CFG_EBTR0$OFF 000000  
            __CFG_FCMEN$OFF 000000              __CFG_EBTR1$OFF 000000               __CFG_WRTB$OFF 000000  
             __CFG_WRTC$OFF 000000              __CFG_EBTRB$OFF 000000               _PWM_R_setPWM1 0168  
             _PWM_R_setPWM2 012C                       tablat 000FF5                       status 000FD8  
           __initialization 020A                __end_of_main 0234              ?_PWM_R_OpenPWM 0001  
                    ??_main 0016               __activetblptr 000002             ??_SPI_R_OpenSPI 0011  
                    _ADCON0 000FC2                      _ADCON2 000FC0                      _CCP1M2 007DEA  
                    _CCP1M3 007DEB                      _CCP2M2 007DD2                      _CCP2M3 007DD3  
            ?_PWM_R_setPWM1 000F              ?_PWM_R_setPWM2 000F                      _ADRESH 000FC4  
                    _ADRESL 000FC3                      _CCPR1L 000FBE                      _CCPR2L 000FBB  
         ?_SPI_R_DataRdySPI 000F                      _TMR2ON 007E52                      _SSPBUF 000FC9  
           ??_SPI_R_getcSPI 0011              __CFG_VREGEN$ON 000000          ??_SPI_R_DataRdySPI 0011  
            __CFG_XINST$OFF 000000              __CFG_STVREN$ON 000000                      tblptrh 000FF7  
                    tblptrl 000FF6                      tblptru 000FF8           _SYSTEM_Initialize 01D2  
                __accesstop 0060     __end_of__initialization 020E             __CFG_PBADEN$OFF 000000  
                 ?_APP_tick 0001          ?_SYSTEM_Initialize 0001               ___rparam_used 000001  
           ??_PWM_R_OpenPWM 0012              __pcstackCOMRAM 0001         ??_SYSTEM_Initialize 0012  
           ??_PWM_R_setPWM1 0011             ??_PWM_R_setPWM2 0011   __end_of_SYSTEM_Initialize 01F2  
                ??_APP_tick 0012                     _T2CKPS0 007E50                     _T2CKPS1 007E51  
                   _SSPCON1 000FC6                     _SSPSTAT 000FC7                     __Hparam 0000  
                   __Lparam 0000                     __pcinit 020A                     __ramtop 0800  
                   __ptext0 022A                     __ptext1 01D2                     __ptext2 0088  
                   __ptext3 01A4                     __ptext4 00DE                     __ptext5 021C  
                   __ptext6 01F2                     __ptext7 012C                     __ptext8 0168  
__size_of_SYSTEM_Initialize 0020              __pintcode_body 001A        end_of_initialization 020E  
             __Lmediumconst 0000                     int_func 001A   __size_of_SPI_R_DataRdySPI 0018  
                 _TRISAbits 000F92                   _TRISBbits 000F93                   _TRISCbits 000F94  
     __end_of_SPI_R_OpenSPI 00DE                 _CCP1CONbits 000FBD                 _CCP2CONbits 000FBA  
     __end_of_SPI_R_getcSPI 022A           __size_of_APP_tick 004E                  APP_tick@p1 0012  
                APP_tick@p2 0014         start_initialization 020A       __end_of_PWM_R_OpenPWM 01D2  
          __CFG_LPT1OSC$OFF 000000                 __pbssCOMRAM 0016       __end_of_PWM_R_setPWM1 01A4  
     __end_of_PWM_R_setPWM2 0168                   __pintcode 0008            _SPI_R_DataRdySPI 01F2  
    SPI_R_OpenSPI@smp_phase 0010                    _APP_tick 00DE                    _PIR1bits 000F9E  
    SPI_R_OpenSPI@sync_mode 0011            __CFG_WDTPS$32768 000000                  _ADCON0bits 000FC2  
                _ADCON1bits 000FC1                  _ADCON2bits 000FC0           _SYS_InterruptHigh 0008  
        ?_SYS_InterruptHigh 0001         ??_SYS_InterruptHigh 0001                    __Hrparam 0000  
                  __Lrparam 0000   __end_of_SYS_InterruptHigh 0088       SPI_R_OpenSPI@bus_mode 000F  
             __size_of_main 000A                    int$flags 0018      __size_of_SPI_R_OpenSPI 0056  
     __CFG_CPUDIV$OSC1_PLL2 000000      __size_of_SPI_R_getcSPI 000E                    intlevel2 0000  
  __end_of_SPI_R_DataRdySPI 020A            PWM_R_setPWM1@val 000F            PWM_R_setPWM2@val 000F  
__size_of_SYS_InterruptHigh 0080                 _SSPCON1bits 000FC6               _SPI_R_OpenSPI 0088  
    __size_of_PWM_R_OpenPWM 002E               _SPI_R_getcSPI 021C  
